<testsuites id="" name="" tests="18" failures="18" skipped="0" errors="0" time="53.170944000000006">
<testsuite name="dashboard.spec.ts" timestamp="2025-08-27T16:48:33.385Z" hostname="chromium" tests="18" failures="18" skipped="0" time="221.873" errors="0">
<testcase name="AXIS6 Dashboard Functionality › Dashboard Loading and Navigation › should load dashboard correctly for authenticated user" classname="dashboard.spec.ts" time="13.002">
<failure message="dashboard.spec.ts:6:9 should load dashboard correctly for authenticated user" type="FAILURE">
<![CDATA[  [chromium] › dashboard.spec.ts:6:9 › AXIS6 Dashboard Functionality › Dashboard Loading and Navigation › should load dashboard correctly for authenticated user 

    TimeoutError: page.waitForURL: Timeout 10000ms exceeded.
    =========================== logs ===========================
    waiting for navigation to "/dashboard" until "load"
    ============================================================

       at ../utils/page-objects.ts:131

      129 |     await this.login(email, password);
      130 |     // Wait for redirect after successful login
    > 131 |     await this.page.waitForURL('/dashboard', { timeout: 10000 });
          |                     ^
      132 |   }
      133 |   
      134 |   async registerUser(email: string, password: string, name?: string) {
        at LoginPage.loginUser (/Users/nadalpiantini/Dev/axis6-mvp/axis6/tests/utils/page-objects.ts:131:21)
        at Object.authenticatedPage (/Users/nadalpiantini/Dev/axis6-mvp/axis6/tests/fixtures/auth-fixtures.ts:87:5)

    attachment #1: screenshot (image/png) ──────────────────────────────────────────────────────────
    ../../test-results/dashboard-AXIS6-Dashboard--81c40-ctly-for-authenticated-user-chromium/test-failed-1.png
    ────────────────────────────────────────────────────────────────────────────────────────────────

    attachment #2: video (video/webm) ──────────────────────────────────────────────────────────────
    ../../test-results/dashboard-AXIS6-Dashboard--81c40-ctly-for-authenticated-user-chromium/video.webm
    ────────────────────────────────────────────────────────────────────────────────────────────────

    Error Context: ../../test-results/dashboard-AXIS6-Dashboard--81c40-ctly-for-authenticated-user-chromium/error-context.md
]]>
</failure>
<system-out>
<![CDATA[
[[ATTACHMENT|test-results/dashboard-AXIS6-Dashboard--81c40-ctly-for-authenticated-user-chromium/test-failed-1.png]]

[[ATTACHMENT|test-results/dashboard-AXIS6-Dashboard--81c40-ctly-for-authenticated-user-chromium/video.webm]]

[[ATTACHMENT|test-results/dashboard-AXIS6-Dashboard--81c40-ctly-for-authenticated-user-chromium/error-context.md]]
]]>
</system-out>
</testcase>
<testcase name="AXIS6 Dashboard Functionality › Dashboard Loading and Navigation › should display user data correctly" classname="dashboard.spec.ts" time="13.015">
<failure message="dashboard.spec.ts:16:9 should display user data correctly" type="FAILURE">
<![CDATA[  [chromium] › dashboard.spec.ts:16:9 › AXIS6 Dashboard Functionality › Dashboard Loading and Navigation › should display user data correctly 

    TimeoutError: page.waitForURL: Timeout 10000ms exceeded.
    =========================== logs ===========================
    waiting for navigation to "/dashboard" until "load"
    ============================================================

       at ../utils/page-objects.ts:131

      129 |     await this.login(email, password);
      130 |     // Wait for redirect after successful login
    > 131 |     await this.page.waitForURL('/dashboard', { timeout: 10000 });
          |                     ^
      132 |   }
      133 |   
      134 |   async registerUser(email: string, password: string, name?: string) {
        at LoginPage.loginUser (/Users/nadalpiantini/Dev/axis6-mvp/axis6/tests/utils/page-objects.ts:131:21)
        at Object.authenticatedPage (/Users/nadalpiantini/Dev/axis6-mvp/axis6/tests/fixtures/auth-fixtures.ts:87:5)

    attachment #1: screenshot (image/png) ──────────────────────────────────────────────────────────
    ../../test-results/dashboard-AXIS6-Dashboard--5d6e8-display-user-data-correctly-chromium/test-failed-1.png
    ────────────────────────────────────────────────────────────────────────────────────────────────

    attachment #2: video (video/webm) ──────────────────────────────────────────────────────────────
    ../../test-results/dashboard-AXIS6-Dashboard--5d6e8-display-user-data-correctly-chromium/video.webm
    ────────────────────────────────────────────────────────────────────────────────────────────────

    Error Context: ../../test-results/dashboard-AXIS6-Dashboard--5d6e8-display-user-data-correctly-chromium/error-context.md
]]>
</failure>
<system-out>
<![CDATA[
[[ATTACHMENT|test-results/dashboard-AXIS6-Dashboard--5d6e8-display-user-data-correctly-chromium/test-failed-1.png]]

[[ATTACHMENT|test-results/dashboard-AXIS6-Dashboard--5d6e8-display-user-data-correctly-chromium/video.webm]]

[[ATTACHMENT|test-results/dashboard-AXIS6-Dashboard--5d6e8-display-user-data-correctly-chromium/error-context.md]]
]]>
</system-out>
</testcase>
<testcase name="AXIS6 Dashboard Functionality › Dashboard Loading and Navigation › should handle dashboard data loading states" classname="dashboard.spec.ts" time="12.977">
<failure message="dashboard.spec.ts:31:9 should handle dashboard data loading states" type="FAILURE">
<![CDATA[  [chromium] › dashboard.spec.ts:31:9 › AXIS6 Dashboard Functionality › Dashboard Loading and Navigation › should handle dashboard data loading states 

    TimeoutError: page.waitForURL: Timeout 10000ms exceeded.
    =========================== logs ===========================
    waiting for navigation to "/dashboard" until "load"
    ============================================================

       at ../utils/page-objects.ts:131

      129 |     await this.login(email, password);
      130 |     // Wait for redirect after successful login
    > 131 |     await this.page.waitForURL('/dashboard', { timeout: 10000 });
          |                     ^
      132 |   }
      133 |   
      134 |   async registerUser(email: string, password: string, name?: string) {
        at LoginPage.loginUser (/Users/nadalpiantini/Dev/axis6-mvp/axis6/tests/utils/page-objects.ts:131:21)
        at Object.authenticatedPage (/Users/nadalpiantini/Dev/axis6-mvp/axis6/tests/fixtures/auth-fixtures.ts:87:5)

    attachment #1: screenshot (image/png) ──────────────────────────────────────────────────────────
    ../../test-results/dashboard-AXIS6-Dashboard--1a8fc-shboard-data-loading-states-chromium/test-failed-1.png
    ────────────────────────────────────────────────────────────────────────────────────────────────

    attachment #2: video (video/webm) ──────────────────────────────────────────────────────────────
    ../../test-results/dashboard-AXIS6-Dashboard--1a8fc-shboard-data-loading-states-chromium/video.webm
    ────────────────────────────────────────────────────────────────────────────────────────────────

    Error Context: ../../test-results/dashboard-AXIS6-Dashboard--1a8fc-shboard-data-loading-states-chromium/error-context.md
]]>
</failure>
<system-out>
<![CDATA[
[[ATTACHMENT|test-results/dashboard-AXIS6-Dashboard--1a8fc-shboard-data-loading-states-chromium/test-failed-1.png]]

[[ATTACHMENT|test-results/dashboard-AXIS6-Dashboard--1a8fc-shboard-data-loading-states-chromium/video.webm]]

[[ATTACHMENT|test-results/dashboard-AXIS6-Dashboard--1a8fc-shboard-data-loading-states-chromium/error-context.md]]
]]>
</system-out>
</testcase>
<testcase name="AXIS6 Dashboard Functionality › Hexagon Visualization › should display hexagon chart correctly" classname="dashboard.spec.ts" time="13.027">
<failure message="dashboard.spec.ts:48:9 should display hexagon chart correctly" type="FAILURE">
<![CDATA[  [chromium] › dashboard.spec.ts:48:9 › AXIS6 Dashboard Functionality › Hexagon Visualization › should display hexagon chart correctly 

    TimeoutError: page.waitForURL: Timeout 10000ms exceeded.
    =========================== logs ===========================
    waiting for navigation to "/dashboard" until "load"
    ============================================================

       at ../utils/page-objects.ts:131

      129 |     await this.login(email, password);
      130 |     // Wait for redirect after successful login
    > 131 |     await this.page.waitForURL('/dashboard', { timeout: 10000 });
          |                     ^
      132 |   }
      133 |   
      134 |   async registerUser(email: string, password: string, name?: string) {
        at LoginPage.loginUser (/Users/nadalpiantini/Dev/axis6-mvp/axis6/tests/utils/page-objects.ts:131:21)
        at Object.authenticatedPage (/Users/nadalpiantini/Dev/axis6-mvp/axis6/tests/fixtures/auth-fixtures.ts:87:5)

    attachment #1: screenshot (image/png) ──────────────────────────────────────────────────────────
    ../../test-results/dashboard-AXIS6-Dashboard--61a1e-lay-hexagon-chart-correctly-chromium/test-failed-1.png
    ────────────────────────────────────────────────────────────────────────────────────────────────

    attachment #2: video (video/webm) ──────────────────────────────────────────────────────────────
    ../../test-results/dashboard-AXIS6-Dashboard--61a1e-lay-hexagon-chart-correctly-chromium/video.webm
    ────────────────────────────────────────────────────────────────────────────────────────────────

    Error Context: ../../test-results/dashboard-AXIS6-Dashboard--61a1e-lay-hexagon-chart-correctly-chromium/error-context.md
]]>
</failure>
<system-out>
<![CDATA[
[[ATTACHMENT|test-results/dashboard-AXIS6-Dashboard--61a1e-lay-hexagon-chart-correctly-chromium/test-failed-1.png]]

[[ATTACHMENT|test-results/dashboard-AXIS6-Dashboard--61a1e-lay-hexagon-chart-correctly-chromium/video.webm]]

[[ATTACHMENT|test-results/dashboard-AXIS6-Dashboard--61a1e-lay-hexagon-chart-correctly-chromium/error-context.md]]
]]>
</system-out>
</testcase>
<testcase name="AXIS6 Dashboard Functionality › Hexagon Visualization › should show all 6 categories in hexagon" classname="dashboard.spec.ts" time="13.055">
<failure message="dashboard.spec.ts:67:9 should show all 6 categories in hexagon" type="FAILURE">
<![CDATA[  [chromium] › dashboard.spec.ts:67:9 › AXIS6 Dashboard Functionality › Hexagon Visualization › should show all 6 categories in hexagon 

    TimeoutError: page.waitForURL: Timeout 10000ms exceeded.
    =========================== logs ===========================
    waiting for navigation to "/dashboard" until "load"
    ============================================================

       at ../utils/page-objects.ts:131

      129 |     await this.login(email, password);
      130 |     // Wait for redirect after successful login
    > 131 |     await this.page.waitForURL('/dashboard', { timeout: 10000 });
          |                     ^
      132 |   }
      133 |   
      134 |   async registerUser(email: string, password: string, name?: string) {
        at LoginPage.loginUser (/Users/nadalpiantini/Dev/axis6-mvp/axis6/tests/utils/page-objects.ts:131:21)
        at Object.authenticatedPage (/Users/nadalpiantini/Dev/axis6-mvp/axis6/tests/fixtures/auth-fixtures.ts:87:5)

    attachment #1: screenshot (image/png) ──────────────────────────────────────────────────────────
    ../../test-results/dashboard-AXIS6-Dashboard--ddd8f-all-6-categories-in-hexagon-chromium/test-failed-1.png
    ────────────────────────────────────────────────────────────────────────────────────────────────

    attachment #2: video (video/webm) ──────────────────────────────────────────────────────────────
    ../../test-results/dashboard-AXIS6-Dashboard--ddd8f-all-6-categories-in-hexagon-chromium/video.webm
    ────────────────────────────────────────────────────────────────────────────────────────────────

    Error Context: ../../test-results/dashboard-AXIS6-Dashboard--ddd8f-all-6-categories-in-hexagon-chromium/error-context.md
]]>
</failure>
<system-out>
<![CDATA[
[[ATTACHMENT|test-results/dashboard-AXIS6-Dashboard--ddd8f-all-6-categories-in-hexagon-chromium/test-failed-1.png]]

[[ATTACHMENT|test-results/dashboard-AXIS6-Dashboard--ddd8f-all-6-categories-in-hexagon-chromium/video.webm]]

[[ATTACHMENT|test-results/dashboard-AXIS6-Dashboard--ddd8f-all-6-categories-in-hexagon-chromium/error-context.md]]
]]>
</system-out>
</testcase>
<testcase name="AXIS6 Dashboard Functionality › Hexagon Visualization › should be interactive and respond to clicks" classname="dashboard.spec.ts" time="12.24">
<failure message="dashboard.spec.ts:86:9 should be interactive and respond to clicks" type="FAILURE">
<![CDATA[  [chromium] › dashboard.spec.ts:86:9 › AXIS6 Dashboard Functionality › Hexagon Visualization › should be interactive and respond to clicks 

    TimeoutError: page.waitForURL: Timeout 10000ms exceeded.
    =========================== logs ===========================
    waiting for navigation to "/dashboard" until "load"
    ============================================================

       at ../utils/page-objects.ts:131

      129 |     await this.login(email, password);
      130 |     // Wait for redirect after successful login
    > 131 |     await this.page.waitForURL('/dashboard', { timeout: 10000 });
          |                     ^
      132 |   }
      133 |   
      134 |   async registerUser(email: string, password: string, name?: string) {
        at LoginPage.loginUser (/Users/nadalpiantini/Dev/axis6-mvp/axis6/tests/utils/page-objects.ts:131:21)
        at Object.authenticatedPage (/Users/nadalpiantini/Dev/axis6-mvp/axis6/tests/fixtures/auth-fixtures.ts:87:5)

    attachment #1: screenshot (image/png) ──────────────────────────────────────────────────────────
    ../../test-results/dashboard-AXIS6-Dashboard--d42d5-ctive-and-respond-to-clicks-chromium/test-failed-1.png
    ────────────────────────────────────────────────────────────────────────────────────────────────

    attachment #2: video (video/webm) ──────────────────────────────────────────────────────────────
    ../../test-results/dashboard-AXIS6-Dashboard--d42d5-ctive-and-respond-to-clicks-chromium/video.webm
    ────────────────────────────────────────────────────────────────────────────────────────────────

    Error Context: ../../test-results/dashboard-AXIS6-Dashboard--d42d5-ctive-and-respond-to-clicks-chromium/error-context.md
]]>
</failure>
<system-out>
<![CDATA[
[[ATTACHMENT|test-results/dashboard-AXIS6-Dashboard--d42d5-ctive-and-respond-to-clicks-chromium/test-failed-1.png]]

[[ATTACHMENT|test-results/dashboard-AXIS6-Dashboard--d42d5-ctive-and-respond-to-clicks-chromium/video.webm]]

[[ATTACHMENT|test-results/dashboard-AXIS6-Dashboard--d42d5-ctive-and-respond-to-clicks-chromium/error-context.md]]
]]>
</system-out>
</testcase>
<testcase name="AXIS6 Dashboard Functionality › Daily Check-ins › should allow user to perform daily check-ins" classname="dashboard.spec.ts" time="12.237">
<failure message="dashboard.spec.ts:106:9 should allow user to perform daily check-ins" type="FAILURE">
<![CDATA[  [chromium] › dashboard.spec.ts:106:9 › AXIS6 Dashboard Functionality › Daily Check-ins › should allow user to perform daily check-ins 

    TimeoutError: page.waitForURL: Timeout 10000ms exceeded.
    =========================== logs ===========================
    waiting for navigation to "/dashboard" until "load"
    ============================================================

       at ../utils/page-objects.ts:131

      129 |     await this.login(email, password);
      130 |     // Wait for redirect after successful login
    > 131 |     await this.page.waitForURL('/dashboard', { timeout: 10000 });
          |                     ^
      132 |   }
      133 |   
      134 |   async registerUser(email: string, password: string, name?: string) {
        at LoginPage.loginUser (/Users/nadalpiantini/Dev/axis6-mvp/axis6/tests/utils/page-objects.ts:131:21)
        at Object.authenticatedPage (/Users/nadalpiantini/Dev/axis6-mvp/axis6/tests/fixtures/auth-fixtures.ts:87:5)

    attachment #1: screenshot (image/png) ──────────────────────────────────────────────────────────
    ../../test-results/dashboard-AXIS6-Dashboard--79e76--to-perform-daily-check-ins-chromium/test-failed-1.png
    ────────────────────────────────────────────────────────────────────────────────────────────────

    attachment #2: video (video/webm) ──────────────────────────────────────────────────────────────
    ../../test-results/dashboard-AXIS6-Dashboard--79e76--to-perform-daily-check-ins-chromium/video.webm
    ────────────────────────────────────────────────────────────────────────────────────────────────

    Error Context: ../../test-results/dashboard-AXIS6-Dashboard--79e76--to-perform-daily-check-ins-chromium/error-context.md
]]>
</failure>
<system-out>
<![CDATA[
[[ATTACHMENT|test-results/dashboard-AXIS6-Dashboard--79e76--to-perform-daily-check-ins-chromium/test-failed-1.png]]

[[ATTACHMENT|test-results/dashboard-AXIS6-Dashboard--79e76--to-perform-daily-check-ins-chromium/video.webm]]

[[ATTACHMENT|test-results/dashboard-AXIS6-Dashboard--79e76--to-perform-daily-check-ins-chromium/error-context.md]]
]]>
</system-out>
</testcase>
<testcase name="AXIS6 Dashboard Functionality › Daily Check-ins › should show check-in status for each category" classname="dashboard.spec.ts" time="12.225">
<failure message="dashboard.spec.ts:132:9 should show check-in status for each category" type="FAILURE">
<![CDATA[  [chromium] › dashboard.spec.ts:132:9 › AXIS6 Dashboard Functionality › Daily Check-ins › should show check-in status for each category 

    TimeoutError: page.waitForURL: Timeout 10000ms exceeded.
    =========================== logs ===========================
    waiting for navigation to "/dashboard" until "load"
    ============================================================

       at ../utils/page-objects.ts:131

      129 |     await this.login(email, password);
      130 |     // Wait for redirect after successful login
    > 131 |     await this.page.waitForURL('/dashboard', { timeout: 10000 });
          |                     ^
      132 |   }
      133 |   
      134 |   async registerUser(email: string, password: string, name?: string) {
        at LoginPage.loginUser (/Users/nadalpiantini/Dev/axis6-mvp/axis6/tests/utils/page-objects.ts:131:21)
        at Object.authenticatedPage (/Users/nadalpiantini/Dev/axis6-mvp/axis6/tests/fixtures/auth-fixtures.ts:87:5)

    attachment #1: screenshot (image/png) ──────────────────────────────────────────────────────────
    ../../test-results/dashboard-AXIS6-Dashboard--eea71-in-status-for-each-category-chromium/test-failed-1.png
    ────────────────────────────────────────────────────────────────────────────────────────────────

    attachment #2: video (video/webm) ──────────────────────────────────────────────────────────────
    ../../test-results/dashboard-AXIS6-Dashboard--eea71-in-status-for-each-category-chromium/video.webm
    ────────────────────────────────────────────────────────────────────────────────────────────────

    Error Context: ../../test-results/dashboard-AXIS6-Dashboard--eea71-in-status-for-each-category-chromium/error-context.md
]]>
</failure>
<system-out>
<![CDATA[
[[ATTACHMENT|test-results/dashboard-AXIS6-Dashboard--eea71-in-status-for-each-category-chromium/test-failed-1.png]]

[[ATTACHMENT|test-results/dashboard-AXIS6-Dashboard--eea71-in-status-for-each-category-chromium/video.webm]]

[[ATTACHMENT|test-results/dashboard-AXIS6-Dashboard--eea71-in-status-for-each-category-chromium/error-context.md]]
]]>
</system-out>
</testcase>
<testcase name="AXIS6 Dashboard Functionality › Daily Check-ins › should prevent duplicate check-ins for same day" classname="dashboard.spec.ts" time="12.209">
<failure message="dashboard.spec.ts:152:9 should prevent duplicate check-ins for same day" type="FAILURE">
<![CDATA[  [chromium] › dashboard.spec.ts:152:9 › AXIS6 Dashboard Functionality › Daily Check-ins › should prevent duplicate check-ins for same day 

    TimeoutError: page.waitForURL: Timeout 10000ms exceeded.
    =========================== logs ===========================
    waiting for navigation to "/dashboard" until "load"
    ============================================================

       at ../utils/page-objects.ts:131

      129 |     await this.login(email, password);
      130 |     // Wait for redirect after successful login
    > 131 |     await this.page.waitForURL('/dashboard', { timeout: 10000 });
          |                     ^
      132 |   }
      133 |   
      134 |   async registerUser(email: string, password: string, name?: string) {
        at LoginPage.loginUser (/Users/nadalpiantini/Dev/axis6-mvp/axis6/tests/utils/page-objects.ts:131:21)
        at Object.authenticatedPage (/Users/nadalpiantini/Dev/axis6-mvp/axis6/tests/fixtures/auth-fixtures.ts:87:5)

    attachment #1: screenshot (image/png) ──────────────────────────────────────────────────────────
    ../../test-results/dashboard-AXIS6-Dashboard--69cc1-cate-check-ins-for-same-day-chromium/test-failed-1.png
    ────────────────────────────────────────────────────────────────────────────────────────────────

    attachment #2: video (video/webm) ──────────────────────────────────────────────────────────────
    ../../test-results/dashboard-AXIS6-Dashboard--69cc1-cate-check-ins-for-same-day-chromium/video.webm
    ────────────────────────────────────────────────────────────────────────────────────────────────

    Error Context: ../../test-results/dashboard-AXIS6-Dashboard--69cc1-cate-check-ins-for-same-day-chromium/error-context.md
]]>
</failure>
<system-out>
<![CDATA[
[[ATTACHMENT|test-results/dashboard-AXIS6-Dashboard--69cc1-cate-check-ins-for-same-day-chromium/test-failed-1.png]]

[[ATTACHMENT|test-results/dashboard-AXIS6-Dashboard--69cc1-cate-check-ins-for-same-day-chromium/video.webm]]

[[ATTACHMENT|test-results/dashboard-AXIS6-Dashboard--69cc1-cate-check-ins-for-same-day-chromium/error-context.md]]
]]>
</system-out>
</testcase>
<testcase name="AXIS6 Dashboard Functionality › Streak Tracking › should display streak information" classname="dashboard.spec.ts" time="12.187">
<failure message="dashboard.spec.ts:174:9 should display streak information" type="FAILURE">
<![CDATA[  [chromium] › dashboard.spec.ts:174:9 › AXIS6 Dashboard Functionality › Streak Tracking › should display streak information 

    TimeoutError: page.waitForURL: Timeout 10000ms exceeded.
    =========================== logs ===========================
    waiting for navigation to "/dashboard" until "load"
    ============================================================

       at ../utils/page-objects.ts:131

      129 |     await this.login(email, password);
      130 |     // Wait for redirect after successful login
    > 131 |     await this.page.waitForURL('/dashboard', { timeout: 10000 });
          |                     ^
      132 |   }
      133 |   
      134 |   async registerUser(email: string, password: string, name?: string) {
        at LoginPage.loginUser (/Users/nadalpiantini/Dev/axis6-mvp/axis6/tests/utils/page-objects.ts:131:21)
        at Object.authenticatedPage (/Users/nadalpiantini/Dev/axis6-mvp/axis6/tests/fixtures/auth-fixtures.ts:87:5)

    attachment #1: screenshot (image/png) ──────────────────────────────────────────────────────────
    ../../test-results/dashboard-AXIS6-Dashboard--46abd--display-streak-information-chromium/test-failed-1.png
    ────────────────────────────────────────────────────────────────────────────────────────────────

    attachment #2: video (video/webm) ──────────────────────────────────────────────────────────────
    ../../test-results/dashboard-AXIS6-Dashboard--46abd--display-streak-information-chromium/video.webm
    ────────────────────────────────────────────────────────────────────────────────────────────────

    Error Context: ../../test-results/dashboard-AXIS6-Dashboard--46abd--display-streak-information-chromium/error-context.md
]]>
</failure>
<system-out>
<![CDATA[
[[ATTACHMENT|test-results/dashboard-AXIS6-Dashboard--46abd--display-streak-information-chromium/test-failed-1.png]]

[[ATTACHMENT|test-results/dashboard-AXIS6-Dashboard--46abd--display-streak-information-chromium/video.webm]]

[[ATTACHMENT|test-results/dashboard-AXIS6-Dashboard--46abd--display-streak-information-chromium/error-context.md]]
]]>
</system-out>
</testcase>
<testcase name="AXIS6 Dashboard Functionality › Streak Tracking › should update streaks after check-ins" classname="dashboard.spec.ts" time="12.132">
<failure message="dashboard.spec.ts:194:9 should update streaks after check-ins" type="FAILURE">
<![CDATA[  [chromium] › dashboard.spec.ts:194:9 › AXIS6 Dashboard Functionality › Streak Tracking › should update streaks after check-ins 

    TimeoutError: page.waitForURL: Timeout 10000ms exceeded.
    =========================== logs ===========================
    waiting for navigation to "/dashboard" until "load"
    ============================================================

       at ../utils/page-objects.ts:131

      129 |     await this.login(email, password);
      130 |     // Wait for redirect after successful login
    > 131 |     await this.page.waitForURL('/dashboard', { timeout: 10000 });
          |                     ^
      132 |   }
      133 |   
      134 |   async registerUser(email: string, password: string, name?: string) {
        at LoginPage.loginUser (/Users/nadalpiantini/Dev/axis6-mvp/axis6/tests/utils/page-objects.ts:131:21)
        at Object.authenticatedPage (/Users/nadalpiantini/Dev/axis6-mvp/axis6/tests/fixtures/auth-fixtures.ts:87:5)

    attachment #1: screenshot (image/png) ──────────────────────────────────────────────────────────
    ../../test-results/dashboard-AXIS6-Dashboard--42635-ate-streaks-after-check-ins-chromium/test-failed-1.png
    ────────────────────────────────────────────────────────────────────────────────────────────────

    attachment #2: video (video/webm) ──────────────────────────────────────────────────────────────
    ../../test-results/dashboard-AXIS6-Dashboard--42635-ate-streaks-after-check-ins-chromium/video.webm
    ────────────────────────────────────────────────────────────────────────────────────────────────

    Error Context: ../../test-results/dashboard-AXIS6-Dashboard--42635-ate-streaks-after-check-ins-chromium/error-context.md
]]>
</failure>
<system-out>
<![CDATA[
[[ATTACHMENT|test-results/dashboard-AXIS6-Dashboard--42635-ate-streaks-after-check-ins-chromium/test-failed-1.png]]

[[ATTACHMENT|test-results/dashboard-AXIS6-Dashboard--42635-ate-streaks-after-check-ins-chromium/video.webm]]

[[ATTACHMENT|test-results/dashboard-AXIS6-Dashboard--42635-ate-streaks-after-check-ins-chromium/error-context.md]]
]]>
</system-out>
</testcase>
<testcase name="AXIS6 Dashboard Functionality › Dashboard Responsiveness › should adapt to mobile viewport" classname="dashboard.spec.ts" time="12.119">
<failure message="dashboard.spec.ts:227:9 should adapt to mobile viewport" type="FAILURE">
<![CDATA[  [chromium] › dashboard.spec.ts:227:9 › AXIS6 Dashboard Functionality › Dashboard Responsiveness › should adapt to mobile viewport 

    TimeoutError: page.waitForURL: Timeout 10000ms exceeded.
    =========================== logs ===========================
    waiting for navigation to "/dashboard" until "load"
    ============================================================

       at ../utils/page-objects.ts:131

      129 |     await this.login(email, password);
      130 |     // Wait for redirect after successful login
    > 131 |     await this.page.waitForURL('/dashboard', { timeout: 10000 });
          |                     ^
      132 |   }
      133 |   
      134 |   async registerUser(email: string, password: string, name?: string) {
        at LoginPage.loginUser (/Users/nadalpiantini/Dev/axis6-mvp/axis6/tests/utils/page-objects.ts:131:21)
        at Object.authenticatedPage (/Users/nadalpiantini/Dev/axis6-mvp/axis6/tests/fixtures/auth-fixtures.ts:87:5)

    attachment #1: screenshot (image/png) ──────────────────────────────────────────────────────────
    ../../test-results/dashboard-AXIS6-Dashboard--32d73-ld-adapt-to-mobile-viewport-chromium/test-failed-1.png
    ────────────────────────────────────────────────────────────────────────────────────────────────

    attachment #2: video (video/webm) ──────────────────────────────────────────────────────────────
    ../../test-results/dashboard-AXIS6-Dashboard--32d73-ld-adapt-to-mobile-viewport-chromium/video.webm
    ────────────────────────────────────────────────────────────────────────────────────────────────

    Error Context: ../../test-results/dashboard-AXIS6-Dashboard--32d73-ld-adapt-to-mobile-viewport-chromium/error-context.md
]]>
</failure>
<system-out>
<![CDATA[
[[ATTACHMENT|test-results/dashboard-AXIS6-Dashboard--32d73-ld-adapt-to-mobile-viewport-chromium/test-failed-1.png]]

[[ATTACHMENT|test-results/dashboard-AXIS6-Dashboard--32d73-ld-adapt-to-mobile-viewport-chromium/video.webm]]

[[ATTACHMENT|test-results/dashboard-AXIS6-Dashboard--32d73-ld-adapt-to-mobile-viewport-chromium/error-context.md]]
]]>
</system-out>
</testcase>
<testcase name="AXIS6 Dashboard Functionality › Dashboard Responsiveness › should work on tablet viewport" classname="dashboard.spec.ts" time="12.127">
<failure message="dashboard.spec.ts:243:9 should work on tablet viewport" type="FAILURE">
<![CDATA[  [chromium] › dashboard.spec.ts:243:9 › AXIS6 Dashboard Functionality › Dashboard Responsiveness › should work on tablet viewport 

    TimeoutError: page.waitForURL: Timeout 10000ms exceeded.
    =========================== logs ===========================
    waiting for navigation to "/dashboard" until "load"
    ============================================================

       at ../utils/page-objects.ts:131

      129 |     await this.login(email, password);
      130 |     // Wait for redirect after successful login
    > 131 |     await this.page.waitForURL('/dashboard', { timeout: 10000 });
          |                     ^
      132 |   }
      133 |   
      134 |   async registerUser(email: string, password: string, name?: string) {
        at LoginPage.loginUser (/Users/nadalpiantini/Dev/axis6-mvp/axis6/tests/utils/page-objects.ts:131:21)
        at Object.authenticatedPage (/Users/nadalpiantini/Dev/axis6-mvp/axis6/tests/fixtures/auth-fixtures.ts:87:5)

    attachment #1: screenshot (image/png) ──────────────────────────────────────────────────────────
    ../../test-results/dashboard-AXIS6-Dashboard--23456-uld-work-on-tablet-viewport-chromium/test-failed-1.png
    ────────────────────────────────────────────────────────────────────────────────────────────────

    attachment #2: video (video/webm) ──────────────────────────────────────────────────────────────
    ../../test-results/dashboard-AXIS6-Dashboard--23456-uld-work-on-tablet-viewport-chromium/video.webm
    ────────────────────────────────────────────────────────────────────────────────────────────────

    Error Context: ../../test-results/dashboard-AXIS6-Dashboard--23456-uld-work-on-tablet-viewport-chromium/error-context.md
]]>
</failure>
<system-out>
<![CDATA[
[[ATTACHMENT|test-results/dashboard-AXIS6-Dashboard--23456-uld-work-on-tablet-viewport-chromium/test-failed-1.png]]

[[ATTACHMENT|test-results/dashboard-AXIS6-Dashboard--23456-uld-work-on-tablet-viewport-chromium/video.webm]]

[[ATTACHMENT|test-results/dashboard-AXIS6-Dashboard--23456-uld-work-on-tablet-viewport-chromium/error-context.md]]
]]>
</system-out>
</testcase>
<testcase name="AXIS6 Dashboard Functionality › Dashboard Responsiveness › should handle different screen orientations" classname="dashboard.spec.ts" time="12.17">
<failure message="dashboard.spec.ts:259:9 should handle different screen orientations" type="FAILURE">
<![CDATA[  [chromium] › dashboard.spec.ts:259:9 › AXIS6 Dashboard Functionality › Dashboard Responsiveness › should handle different screen orientations 

    TimeoutError: page.waitForURL: Timeout 10000ms exceeded.
    =========================== logs ===========================
    waiting for navigation to "/dashboard" until "load"
    ============================================================

       at ../utils/page-objects.ts:131

      129 |     await this.login(email, password);
      130 |     // Wait for redirect after successful login
    > 131 |     await this.page.waitForURL('/dashboard', { timeout: 10000 });
          |                     ^
      132 |   }
      133 |   
      134 |   async registerUser(email: string, password: string, name?: string) {
        at LoginPage.loginUser (/Users/nadalpiantini/Dev/axis6-mvp/axis6/tests/utils/page-objects.ts:131:21)
        at Object.authenticatedPage (/Users/nadalpiantini/Dev/axis6-mvp/axis6/tests/fixtures/auth-fixtures.ts:87:5)

    attachment #1: screenshot (image/png) ──────────────────────────────────────────────────────────
    ../../test-results/dashboard-AXIS6-Dashboard--04695-fferent-screen-orientations-chromium/test-failed-1.png
    ────────────────────────────────────────────────────────────────────────────────────────────────

    attachment #2: video (video/webm) ──────────────────────────────────────────────────────────────
    ../../test-results/dashboard-AXIS6-Dashboard--04695-fferent-screen-orientations-chromium/video.webm
    ────────────────────────────────────────────────────────────────────────────────────────────────

    Error Context: ../../test-results/dashboard-AXIS6-Dashboard--04695-fferent-screen-orientations-chromium/error-context.md
]]>
</failure>
<system-out>
<![CDATA[
[[ATTACHMENT|test-results/dashboard-AXIS6-Dashboard--04695-fferent-screen-orientations-chromium/test-failed-1.png]]

[[ATTACHMENT|test-results/dashboard-AXIS6-Dashboard--04695-fferent-screen-orientations-chromium/video.webm]]

[[ATTACHMENT|test-results/dashboard-AXIS6-Dashboard--04695-fferent-screen-orientations-chromium/error-context.md]]
]]>
</system-out>
</testcase>
<testcase name="AXIS6 Dashboard Functionality › Error Handling › should handle API errors gracefully" classname="dashboard.spec.ts" time="12.153">
<failure message="dashboard.spec.ts:273:9 should handle API errors gracefully" type="FAILURE">
<![CDATA[  [chromium] › dashboard.spec.ts:273:9 › AXIS6 Dashboard Functionality › Error Handling › should handle API errors gracefully 

    TimeoutError: page.waitForURL: Timeout 10000ms exceeded.
    =========================== logs ===========================
    waiting for navigation to "/dashboard" until "load"
    ============================================================

       at ../utils/page-objects.ts:131

      129 |     await this.login(email, password);
      130 |     // Wait for redirect after successful login
    > 131 |     await this.page.waitForURL('/dashboard', { timeout: 10000 });
          |                     ^
      132 |   }
      133 |   
      134 |   async registerUser(email: string, password: string, name?: string) {
        at LoginPage.loginUser (/Users/nadalpiantini/Dev/axis6-mvp/axis6/tests/utils/page-objects.ts:131:21)
        at Object.authenticatedPage (/Users/nadalpiantini/Dev/axis6-mvp/axis6/tests/fixtures/auth-fixtures.ts:87:5)

    attachment #1: screenshot (image/png) ──────────────────────────────────────────────────────────
    ../../test-results/dashboard-AXIS6-Dashboard--a5582-andle-API-errors-gracefully-chromium/test-failed-1.png
    ────────────────────────────────────────────────────────────────────────────────────────────────

    attachment #2: video (video/webm) ──────────────────────────────────────────────────────────────
    ../../test-results/dashboard-AXIS6-Dashboard--a5582-andle-API-errors-gracefully-chromium/video.webm
    ────────────────────────────────────────────────────────────────────────────────────────────────

    Error Context: ../../test-results/dashboard-AXIS6-Dashboard--a5582-andle-API-errors-gracefully-chromium/error-context.md
]]>
</failure>
<system-out>
<![CDATA[
[[ATTACHMENT|test-results/dashboard-AXIS6-Dashboard--a5582-andle-API-errors-gracefully-chromium/test-failed-1.png]]

[[ATTACHMENT|test-results/dashboard-AXIS6-Dashboard--a5582-andle-API-errors-gracefully-chromium/video.webm]]

[[ATTACHMENT|test-results/dashboard-AXIS6-Dashboard--a5582-andle-API-errors-gracefully-chromium/error-context.md]]
]]>
</system-out>
</testcase>
<testcase name="AXIS6 Dashboard Functionality › Error Handling › should handle slow network conditions" classname="dashboard.spec.ts" time="11.669">
<failure message="dashboard.spec.ts:298:9 should handle slow network conditions" type="FAILURE">
<![CDATA[  [chromium] › dashboard.spec.ts:298:9 › AXIS6 Dashboard Functionality › Error Handling › should handle slow network conditions 

    TimeoutError: page.waitForURL: Timeout 10000ms exceeded.
    =========================== logs ===========================
    waiting for navigation to "/dashboard" until "load"
    ============================================================

       at ../utils/page-objects.ts:131

      129 |     await this.login(email, password);
      130 |     // Wait for redirect after successful login
    > 131 |     await this.page.waitForURL('/dashboard', { timeout: 10000 });
          |                     ^
      132 |   }
      133 |   
      134 |   async registerUser(email: string, password: string, name?: string) {
        at LoginPage.loginUser (/Users/nadalpiantini/Dev/axis6-mvp/axis6/tests/utils/page-objects.ts:131:21)
        at Object.authenticatedPage (/Users/nadalpiantini/Dev/axis6-mvp/axis6/tests/fixtures/auth-fixtures.ts:87:5)

    attachment #1: screenshot (image/png) ──────────────────────────────────────────────────────────
    ../../test-results/dashboard-AXIS6-Dashboard--0aa87-dle-slow-network-conditions-chromium/test-failed-1.png
    ────────────────────────────────────────────────────────────────────────────────────────────────

    attachment #2: video (video/webm) ──────────────────────────────────────────────────────────────
    ../../test-results/dashboard-AXIS6-Dashboard--0aa87-dle-slow-network-conditions-chromium/video.webm
    ────────────────────────────────────────────────────────────────────────────────────────────────

    Error Context: ../../test-results/dashboard-AXIS6-Dashboard--0aa87-dle-slow-network-conditions-chromium/error-context.md
]]>
</failure>
<system-out>
<![CDATA[
[[ATTACHMENT|test-results/dashboard-AXIS6-Dashboard--0aa87-dle-slow-network-conditions-chromium/test-failed-1.png]]

[[ATTACHMENT|test-results/dashboard-AXIS6-Dashboard--0aa87-dle-slow-network-conditions-chromium/video.webm]]

[[ATTACHMENT|test-results/dashboard-AXIS6-Dashboard--0aa87-dle-slow-network-conditions-chromium/error-context.md]]
]]>
</system-out>
</testcase>
<testcase name="AXIS6 Dashboard Functionality › Data Persistence › should persist check-in data across sessions" classname="dashboard.spec.ts" time="11.665">
<failure message="dashboard.spec.ts:324:9 should persist check-in data across sessions" type="FAILURE">
<![CDATA[  [chromium] › dashboard.spec.ts:324:9 › AXIS6 Dashboard Functionality › Data Persistence › should persist check-in data across sessions 

    TimeoutError: page.waitForURL: Timeout 10000ms exceeded.
    =========================== logs ===========================
    waiting for navigation to "/dashboard" until "load"
    ============================================================

       at ../utils/page-objects.ts:131

      129 |     await this.login(email, password);
      130 |     // Wait for redirect after successful login
    > 131 |     await this.page.waitForURL('/dashboard', { timeout: 10000 });
          |                     ^
      132 |   }
      133 |   
      134 |   async registerUser(email: string, password: string, name?: string) {
        at LoginPage.loginUser (/Users/nadalpiantini/Dev/axis6-mvp/axis6/tests/utils/page-objects.ts:131:21)
        at Object.authenticatedPage (/Users/nadalpiantini/Dev/axis6-mvp/axis6/tests/fixtures/auth-fixtures.ts:87:5)

    attachment #1: screenshot (image/png) ──────────────────────────────────────────────────────────
    ../../test-results/dashboard-AXIS6-Dashboard--48eaf-eck-in-data-across-sessions-chromium/test-failed-1.png
    ────────────────────────────────────────────────────────────────────────────────────────────────

    attachment #2: video (video/webm) ──────────────────────────────────────────────────────────────
    ../../test-results/dashboard-AXIS6-Dashboard--48eaf-eck-in-data-across-sessions-chromium/video.webm
    ────────────────────────────────────────────────────────────────────────────────────────────────

    Error Context: ../../test-results/dashboard-AXIS6-Dashboard--48eaf-eck-in-data-across-sessions-chromium/error-context.md
]]>
</failure>
<system-out>
<![CDATA[
[[ATTACHMENT|test-results/dashboard-AXIS6-Dashboard--48eaf-eck-in-data-across-sessions-chromium/test-failed-1.png]]

[[ATTACHMENT|test-results/dashboard-AXIS6-Dashboard--48eaf-eck-in-data-across-sessions-chromium/video.webm]]

[[ATTACHMENT|test-results/dashboard-AXIS6-Dashboard--48eaf-eck-in-data-across-sessions-chromium/error-context.md]]
]]>
</system-out>
</testcase>
<testcase name="AXIS6 Dashboard Functionality › Data Persistence › should maintain UI state during page refresh" classname="dashboard.spec.ts" time="11.664">
<failure message="dashboard.spec.ts:357:9 should maintain UI state during page refresh" type="FAILURE">
<![CDATA[  [chromium] › dashboard.spec.ts:357:9 › AXIS6 Dashboard Functionality › Data Persistence › should maintain UI state during page refresh 

    TimeoutError: page.waitForURL: Timeout 10000ms exceeded.
    =========================== logs ===========================
    waiting for navigation to "/dashboard" until "load"
    ============================================================

       at ../utils/page-objects.ts:131

      129 |     await this.login(email, password);
      130 |     // Wait for redirect after successful login
    > 131 |     await this.page.waitForURL('/dashboard', { timeout: 10000 });
          |                     ^
      132 |   }
      133 |   
      134 |   async registerUser(email: string, password: string, name?: string) {
        at LoginPage.loginUser (/Users/nadalpiantini/Dev/axis6-mvp/axis6/tests/utils/page-objects.ts:131:21)
        at Object.authenticatedPage (/Users/nadalpiantini/Dev/axis6-mvp/axis6/tests/fixtures/auth-fixtures.ts:87:5)

    attachment #1: screenshot (image/png) ──────────────────────────────────────────────────────────
    ../../test-results/dashboard-AXIS6-Dashboard--197a6-I-state-during-page-refresh-chromium/test-failed-1.png
    ────────────────────────────────────────────────────────────────────────────────────────────────

    attachment #2: video (video/webm) ──────────────────────────────────────────────────────────────
    ../../test-results/dashboard-AXIS6-Dashboard--197a6-I-state-during-page-refresh-chromium/video.webm
    ────────────────────────────────────────────────────────────────────────────────────────────────

    Error Context: ../../test-results/dashboard-AXIS6-Dashboard--197a6-I-state-during-page-refresh-chromium/error-context.md
]]>
</failure>
<system-out>
<![CDATA[
[[ATTACHMENT|test-results/dashboard-AXIS6-Dashboard--197a6-I-state-during-page-refresh-chromium/test-failed-1.png]]

[[ATTACHMENT|test-results/dashboard-AXIS6-Dashboard--197a6-I-state-during-page-refresh-chromium/video.webm]]

[[ATTACHMENT|test-results/dashboard-AXIS6-Dashboard--197a6-I-state-during-page-refresh-chromium/error-context.md]]
]]>
</system-out>
</testcase>
</testsuite>
</testsuites>