<testsuites id="" name="" tests="1" failures="0" skipped="0" errors="0" time="28.352282">
<testsuite name="dashboard-final-bug-report.spec.ts" timestamp="2025-09-03T18:46:58.512Z" hostname="chromium" tests="1" failures="0" skipped="0" time="25.097" errors="0">
<testcase name="Dashboard Final Bug Report › complete dashboard functionality test with proper registration" classname="dashboard-final-bug-report.spec.ts" time="25.097">
<system-out>
<![CDATA[
🎯 AXIS6 DASHBOARD FINAL BUG REPORT
====================================================================================

📍 PHASE 1: AUTHENTICATION TESTING
━━━━━━━━━━━━━━━━━━━━━━━━━━━━━━━━━━━━━━━━━━━━━━━━━━

🔍 Testing landing page...
  ✅ Landing page loads

🔍 Testing registration process...
  ✅ Name field filled
  ✅ Email field filled
  ✅ Password field filled
  ✅ Confirm password field filled
  ✅ Terms checkbox checked
  ✅ Registration button enabled after validation
  🔄 Registration submitted...
  ❌ Unexpected redirect: http://localhost:3000/auth/register

⚠️  Dashboard not accessible - testing what we can reach...

📋 ACCESSIBLE PAGES TEST SUMMARY:
  - Working functionality: 8 items
  - Issues found: 1 items
    ✅ Landing page loads successfully
    ✅ Name input works
    ✅ Email input works
    ✅ Password input works
    ✅ Confirm password input works
    ✅ Terms checkbox works
    ✅ Registration form validation works
    ✅ 2 navigation links found
    ❌ Unexpected redirect after registration
]]>
</system-out>
</testcase>
</testsuite>
</testsuites>