<testsuites id="" name="" tests="229" failures="177" skipped="0" errors="0" time="693.436988">
<testsuite name="accessibility.spec.ts" timestamp="2025-08-26T17:29:36.398Z" hostname="chromium" tests="21" failures="21" skipped="0" time="288.617" errors="0">
<testcase name="AXIS6 Accessibility Audits › Keyboard Navigation › should support full keyboard navigation on landing page" classname="accessibility.spec.ts" time="17.605">
<failure message="accessibility.spec.ts:6:9 should support full keyboard navigation on landing page" type="FAILURE">
<![CDATA[  [chromium] › accessibility.spec.ts:6:9 › AXIS6 Accessibility Audits › Keyboard Navigation › should support full keyboard navigation on landing page 

    Error: Landing page not loaded properly - no auth buttons visible

       at ../utils/page-objects.ts:84

      82 |     // At least some key elements should be visible
      83 |     if (!hasLoginButton && !hasRegisterButton) {
    > 84 |       throw new Error('Landing page not loaded properly - no auth buttons visible');
         |             ^
      85 |     }
      86 |   }
      87 |   
        at LandingPage.verifyLandingPageLoaded (/Users/nadalpiantini/Dev/axis6-mvp/axis6/tests/utils/page-objects.ts:84:13)
        at /Users/nadalpiantini/Dev/axis6-mvp/axis6/tests/e2e/accessibility.spec.ts:8:7

    attachment #1: screenshot (image/png) ──────────────────────────────────────────────────────────
    ../../test-results/accessibility-AXIS6-Access-80461--navigation-on-landing-page-chromium/test-failed-1.png
    ────────────────────────────────────────────────────────────────────────────────────────────────

    Error Context: ../../test-results/accessibility-AXIS6-Access-80461--navigation-on-landing-page-chromium/error-context.md
]]>
</failure>
<system-err>
<![CDATA[
Warning: attachment test-results/accessibility-AXIS6-Access-80461--navigation-on-landing-page-chromium/test-failed-1.png is missing
Warning: attachment test-results/accessibility-AXIS6-Access-80461--navigation-on-landing-page-chromium/error-context.md is missing]]>
</system-err>
</testcase>
<testcase name="AXIS6 Accessibility Audits › Keyboard Navigation › should support keyboard navigation in authentication forms" classname="accessibility.spec.ts" time="18.858">
<failure message="accessibility.spec.ts:42:9 should support keyboard navigation in authentication forms" type="FAILURE">
<![CDATA[  [chromium] › accessibility.spec.ts:42:9 › AXIS6 Accessibility Audits › Keyboard Navigation › should support keyboard navigation in authentication forms 

    TimeoutError: page.waitForLoadState: Timeout 15000ms exceeded.
    =========================== logs ===========================
      "commit" event fired
      "domcontentloaded" event fired
      "load" event fired
      "commit" event fired
      "domcontentloaded" event fired
      "load" event fired
      "commit" event fired
      "domcontentloaded" event fired
      "load" event fired
      "commit" event fired
      "domcontentloaded" event fired
      "load" event fired
    ============================================================

       at ../utils/page-objects.ts:19

      17 |   async goto(path: string = '') {
      18 |     await this.page.goto(path);
    > 19 |     await this.page.waitForLoadState('networkidle');
         |                     ^
      20 |   }
      21 |   
      22 |   /**
        at LoginPage.goto (/Users/nadalpiantini/Dev/axis6-mvp/axis6/tests/utils/page-objects.ts:19:21)
        at /Users/nadalpiantini/Dev/axis6-mvp/axis6/tests/e2e/accessibility.spec.ts:43:7

    attachment #1: screenshot (image/png) ──────────────────────────────────────────────────────────
    ../../test-results/accessibility-AXIS6-Access-c2e6a-ion-in-authentication-forms-chromium/test-failed-1.png
    ────────────────────────────────────────────────────────────────────────────────────────────────
]]>
</failure>
<system-err>
<![CDATA[
Warning: attachment test-results/accessibility-AXIS6-Access-c2e6a-ion-in-authentication-forms-chromium/test-failed-1.png is missing]]>
</system-err>
</testcase>
<testcase name="AXIS6 Accessibility Audits › Keyboard Navigation › should support keyboard navigation on dashboard" classname="accessibility.spec.ts" time="23.701">
<failure message="accessibility.spec.ts:71:9 should support keyboard navigation on dashboard" type="FAILURE">
<![CDATA[  [chromium] › accessibility.spec.ts:71:9 › AXIS6 Accessibility Audits › Keyboard Navigation › should support keyboard navigation on dashboard 

    TimeoutError: locator.fill: Timeout 10000ms exceeded.
    Call log:
      - waiting for locator('input[type="email"]')
        2 × waiting for" http://localhost:6789/auth/login" navigation to finish...
          - navigated to "http://localhost:6789/auth/login"
        - waiting for" http://localhost:6789/auth/login" navigation to finish...


       at ../utils/page-objects.ts:119

      117 |   
      118 |   async login(email: string, password: string) {
    > 119 |     await this.emailInput.fill(email);
          |                           ^
      120 |     await this.passwordInput.fill(password);
      121 |     await this.loginButton.click();
      122 |   }
        at LoginPage.login (/Users/nadalpiantini/Dev/axis6-mvp/axis6/tests/utils/page-objects.ts:119:27)
        at LoginPage.loginUser (/Users/nadalpiantini/Dev/axis6-mvp/axis6/tests/utils/page-objects.ts:129:16)
        at Object.authenticatedPage (/Users/nadalpiantini/Dev/axis6-mvp/axis6/tests/fixtures/auth-fixtures.ts:87:5)

    attachment #1: screenshot (image/png) ──────────────────────────────────────────────────────────
    ../../test-results/accessibility-AXIS6-Access-dedce-ard-navigation-on-dashboard-chromium/test-failed-1.png
    ────────────────────────────────────────────────────────────────────────────────────────────────
]]>
</failure>
<system-err>
<![CDATA[
Warning: attachment test-results/accessibility-AXIS6-Access-dedce-ard-navigation-on-dashboard-chromium/test-failed-1.png is missing]]>
</system-err>
</testcase>
<testcase name="AXIS6 Accessibility Audits › Screen Reader Support › should have proper semantic structure" classname="accessibility.spec.ts" time="11.21">
<failure message="accessibility.spec.ts:97:9 should have proper semantic structure" type="FAILURE">
<![CDATA[  [chromium] › accessibility.spec.ts:97:9 › AXIS6 Accessibility Audits › Screen Reader Support › should have proper semantic structure 

    Error: Landing page not loaded properly - no auth buttons visible

       at ../utils/page-objects.ts:84

      82 |     // At least some key elements should be visible
      83 |     if (!hasLoginButton && !hasRegisterButton) {
    > 84 |       throw new Error('Landing page not loaded properly - no auth buttons visible');
         |             ^
      85 |     }
      86 |   }
      87 |   
        at LandingPage.verifyLandingPageLoaded (/Users/nadalpiantini/Dev/axis6-mvp/axis6/tests/utils/page-objects.ts:84:13)
        at /Users/nadalpiantini/Dev/axis6-mvp/axis6/tests/e2e/accessibility.spec.ts:99:7

    attachment #1: screenshot (image/png) ──────────────────────────────────────────────────────────
    ../../test-results/accessibility-AXIS6-Access-73dcb-e-proper-semantic-structure-chromium/test-failed-1.png
    ────────────────────────────────────────────────────────────────────────────────────────────────

    attachment #2: video (video/webm) ──────────────────────────────────────────────────────────────
    ../../test-results/accessibility-AXIS6-Access-73dcb-e-proper-semantic-structure-chromium/video.webm
    ────────────────────────────────────────────────────────────────────────────────────────────────

    Error Context: ../../test-results/accessibility-AXIS6-Access-73dcb-e-proper-semantic-structure-chromium/error-context.md
]]>
</failure>
<system-err>
<![CDATA[
Warning: attachment test-results/accessibility-AXIS6-Access-73dcb-e-proper-semantic-structure-chromium/test-failed-1.png is missing
Warning: attachment test-results/accessibility-AXIS6-Access-73dcb-e-proper-semantic-structure-chromium/video.webm is missing
Warning: attachment test-results/accessibility-AXIS6-Access-73dcb-e-proper-semantic-structure-chromium/error-context.md is missing]]>
</system-err>
</testcase>
<testcase name="AXIS6 Accessibility Audits › Screen Reader Support › should have proper ARIA labels and roles" classname="accessibility.spec.ts" time="14.52">
<failure message="accessibility.spec.ts:122:9 should have proper ARIA labels and roles" type="FAILURE">
<![CDATA[  [chromium] › accessibility.spec.ts:122:9 › AXIS6 Accessibility Audits › Screen Reader Support › should have proper ARIA labels and roles 

    Error: expect(locator).toBeVisible() failed

    Locator:  locator('input[type="email"]')
    Expected: visible
    Received: <element(s) not found>
    Timeout:  10000ms

    Call log:
      - Expect "toBeVisible" with timeout 10000ms
      - waiting for locator('input[type="email"]')
        2 × waiting for" http://localhost:6789/auth/login" navigation to finish...
          - navigated to "http://localhost:6789/auth/login"
        - waiting for" http://localhost:6789/auth/login" navigation to finish...


       at ../utils/page-objects.ts:186

      184 |   
      185 |   async verifyLoginForm() {
    > 186 |     await expect(this.emailInput).toBeVisible();
          |                                   ^
      187 |     await expect(this.passwordInput).toBeVisible();
      188 |     await expect(this.loginButton).toBeVisible();
      189 |   }
        at LoginPage.verifyLoginForm (/Users/nadalpiantini/Dev/axis6-mvp/axis6/tests/utils/page-objects.ts:186:35)
        at /Users/nadalpiantini/Dev/axis6-mvp/axis6/tests/e2e/accessibility.spec.ts:124:23

    attachment #1: screenshot (image/png) ──────────────────────────────────────────────────────────
    ../../test-results/accessibility-AXIS6-Access-90979-roper-ARIA-labels-and-roles-chromium/test-failed-1.png
    ────────────────────────────────────────────────────────────────────────────────────────────────

    attachment #2: video (video/webm) ──────────────────────────────────────────────────────────────
    ../../test-results/accessibility-AXIS6-Access-90979-roper-ARIA-labels-and-roles-chromium/video.webm
    ────────────────────────────────────────────────────────────────────────────────────────────────
]]>
</failure>
<system-err>
<![CDATA[
Warning: attachment test-results/accessibility-AXIS6-Access-90979-roper-ARIA-labels-and-roles-chromium/test-failed-1.png is missing
Warning: attachment test-results/accessibility-AXIS6-Access-90979-roper-ARIA-labels-and-roles-chromium/video.webm is missing]]>
</system-err>
</testcase>
<testcase name="AXIS6 Accessibility Audits › Screen Reader Support › should have proper landmark regions" classname="accessibility.spec.ts" time="13.349">
<failure message="accessibility.spec.ts:147:9 should have proper landmark regions" type="FAILURE">
<![CDATA[  [chromium] › accessibility.spec.ts:147:9 › AXIS6 Accessibility Audits › Screen Reader Support › should have proper landmark regions 

    TimeoutError: locator.fill: Timeout 10000ms exceeded.
    Call log:
      - waiting for locator('input[type="email"]')
        2 × waiting for" http://localhost:6789/auth/login" navigation to finish...
          - navigated to "http://localhost:6789/auth/login"


       at ../utils/page-objects.ts:119

      117 |   
      118 |   async login(email: string, password: string) {
    > 119 |     await this.emailInput.fill(email);
          |                           ^
      120 |     await this.passwordInput.fill(password);
      121 |     await this.loginButton.click();
      122 |   }
        at LoginPage.login (/Users/nadalpiantini/Dev/axis6-mvp/axis6/tests/utils/page-objects.ts:119:27)
        at LoginPage.loginUser (/Users/nadalpiantini/Dev/axis6-mvp/axis6/tests/utils/page-objects.ts:129:16)
        at Object.authenticatedPage (/Users/nadalpiantini/Dev/axis6-mvp/axis6/tests/fixtures/auth-fixtures.ts:87:5)

    attachment #1: screenshot (image/png) ──────────────────────────────────────────────────────────
    ../../test-results/accessibility-AXIS6-Access-33443-ave-proper-landmark-regions-chromium/test-failed-1.png
    ────────────────────────────────────────────────────────────────────────────────────────────────

    Error Context: ../../test-results/accessibility-AXIS6-Access-33443-ave-proper-landmark-regions-chromium/error-context.md
]]>
</failure>
<system-err>
<![CDATA[
Warning: attachment test-results/accessibility-AXIS6-Access-33443-ave-proper-landmark-regions-chromium/test-failed-1.png is missing
Warning: attachment test-results/accessibility-AXIS6-Access-33443-ave-proper-landmark-regions-chromium/error-context.md is missing]]>
</system-err>
</testcase>
<testcase name="AXIS6 Accessibility Audits › Screen Reader Support › should provide status announcements for dynamic content" classname="accessibility.spec.ts" time="23.724">
<failure message="accessibility.spec.ts:163:9 should provide status announcements for dynamic content" type="FAILURE">
<![CDATA[  [chromium] › accessibility.spec.ts:163:9 › AXIS6 Accessibility Audits › Screen Reader Support › should provide status announcements for dynamic content 

    TimeoutError: locator.fill: Timeout 10000ms exceeded.
    Call log:
      - waiting for locator('input[type="email"]')
        3 × waiting for" http://localhost:6789/auth/login" navigation to finish...
          - navigated to "http://localhost:6789/auth/login"


       at ../utils/page-objects.ts:119

      117 |   
      118 |   async login(email: string, password: string) {
    > 119 |     await this.emailInput.fill(email);
          |                           ^
      120 |     await this.passwordInput.fill(password);
      121 |     await this.loginButton.click();
      122 |   }
        at LoginPage.login (/Users/nadalpiantini/Dev/axis6-mvp/axis6/tests/utils/page-objects.ts:119:27)
        at LoginPage.loginUser (/Users/nadalpiantini/Dev/axis6-mvp/axis6/tests/utils/page-objects.ts:129:16)
        at Object.authenticatedPage (/Users/nadalpiantini/Dev/axis6-mvp/axis6/tests/fixtures/auth-fixtures.ts:87:5)

    attachment #1: screenshot (image/png) ──────────────────────────────────────────────────────────
    ../../test-results/accessibility-AXIS6-Access-0a14c-cements-for-dynamic-content-chromium/test-failed-1.png
    ────────────────────────────────────────────────────────────────────────────────────────────────

    Error Context: ../../test-results/accessibility-AXIS6-Access-0a14c-cements-for-dynamic-content-chromium/error-context.md
]]>
</failure>
<system-err>
<![CDATA[
Warning: attachment test-results/accessibility-AXIS6-Access-0a14c-cements-for-dynamic-content-chromium/test-failed-1.png is missing
Warning: attachment test-results/accessibility-AXIS6-Access-0a14c-cements-for-dynamic-content-chromium/error-context.md is missing]]>
</system-err>
</testcase>
<testcase name="AXIS6 Accessibility Audits › Visual Accessibility › should have sufficient color contrast" classname="accessibility.spec.ts" time="4.798">
<failure message="accessibility.spec.ts:201:9 should have sufficient color contrast" type="FAILURE">
<![CDATA[  [chromium] › accessibility.spec.ts:201:9 › AXIS6 Accessibility Audits › Visual Accessibility › should have sufficient color contrast 

    Error: Landing page not loaded properly - no auth buttons visible

       at ../utils/page-objects.ts:84

      82 |     // At least some key elements should be visible
      83 |     if (!hasLoginButton && !hasRegisterButton) {
    > 84 |       throw new Error('Landing page not loaded properly - no auth buttons visible');
         |             ^
      85 |     }
      86 |   }
      87 |   
        at LandingPage.verifyLandingPageLoaded (/Users/nadalpiantini/Dev/axis6-mvp/axis6/tests/utils/page-objects.ts:84:13)
        at /Users/nadalpiantini/Dev/axis6-mvp/axis6/tests/e2e/accessibility.spec.ts:203:7

    attachment #1: screenshot (image/png) ──────────────────────────────────────────────────────────
    ../../test-results/accessibility-AXIS6-Access-80a0c-e-sufficient-color-contrast-chromium/test-failed-1.png
    ────────────────────────────────────────────────────────────────────────────────────────────────

    attachment #2: video (video/webm) ──────────────────────────────────────────────────────────────
    ../../test-results/accessibility-AXIS6-Access-80a0c-e-sufficient-color-contrast-chromium/video.webm
    ────────────────────────────────────────────────────────────────────────────────────────────────

    Error Context: ../../test-results/accessibility-AXIS6-Access-80a0c-e-sufficient-color-contrast-chromium/error-context.md
]]>
</failure>
<system-err>
<![CDATA[
Warning: attachment test-results/accessibility-AXIS6-Access-80a0c-e-sufficient-color-contrast-chromium/test-failed-1.png is missing
Warning: attachment test-results/accessibility-AXIS6-Access-80a0c-e-sufficient-color-contrast-chromium/video.webm is missing
Warning: attachment test-results/accessibility-AXIS6-Access-80a0c-e-sufficient-color-contrast-chromium/error-context.md is missing]]>
</system-err>
</testcase>
<testcase name="AXIS6 Accessibility Audits › Visual Accessibility › should be usable when zoomed to 200%" classname="accessibility.spec.ts" time="4.111">
<failure message="accessibility.spec.ts:228:9 should be usable when zoomed to 200%" type="FAILURE">
<![CDATA[  [chromium] › accessibility.spec.ts:228:9 › AXIS6 Accessibility Audits › Visual Accessibility › should be usable when zoomed to 200% 

    Error: Landing page not loaded properly - no auth buttons visible

       at ../utils/page-objects.ts:84

      82 |     // At least some key elements should be visible
      83 |     if (!hasLoginButton && !hasRegisterButton) {
    > 84 |       throw new Error('Landing page not loaded properly - no auth buttons visible');
         |             ^
      85 |     }
      86 |   }
      87 |   
        at LandingPage.verifyLandingPageLoaded (/Users/nadalpiantini/Dev/axis6-mvp/axis6/tests/utils/page-objects.ts:84:13)
        at /Users/nadalpiantini/Dev/axis6-mvp/axis6/tests/e2e/accessibility.spec.ts:230:7

    attachment #1: screenshot (image/png) ──────────────────────────────────────────────────────────
    ../../test-results/accessibility-AXIS6-Access-d12d3--usable-when-zoomed-to-200--chromium/test-failed-1.png
    ────────────────────────────────────────────────────────────────────────────────────────────────

    attachment #2: video (video/webm) ──────────────────────────────────────────────────────────────
    ../../test-results/accessibility-AXIS6-Access-d12d3--usable-when-zoomed-to-200--chromium/video.webm
    ────────────────────────────────────────────────────────────────────────────────────────────────

    Error Context: ../../test-results/accessibility-AXIS6-Access-d12d3--usable-when-zoomed-to-200--chromium/error-context.md
]]>
</failure>
<system-err>
<![CDATA[
Warning: attachment test-results/accessibility-AXIS6-Access-d12d3--usable-when-zoomed-to-200--chromium/test-failed-1.png is missing
Warning: attachment test-results/accessibility-AXIS6-Access-d12d3--usable-when-zoomed-to-200--chromium/video.webm is missing
Warning: attachment test-results/accessibility-AXIS6-Access-d12d3--usable-when-zoomed-to-200--chromium/error-context.md is missing]]>
</system-err>
</testcase>
<testcase name="AXIS6 Accessibility Audits › Visual Accessibility › should handle high contrast mode" classname="accessibility.spec.ts" time="25.345">
<failure message="accessibility.spec.ts:246:9 should handle high contrast mode" type="FAILURE">
<![CDATA[  [chromium] › accessibility.spec.ts:246:9 › AXIS6 Accessibility Audits › Visual Accessibility › should handle high contrast mode 

    TimeoutError: locator.fill: Timeout 10000ms exceeded.
    Call log:
      - waiting for locator('input[type="email"]')
        3 × waiting for" http://localhost:6789/auth/login" navigation to finish...
          - navigated to "http://localhost:6789/auth/login"
        - waiting for" http://localhost:6789/auth/login" navigation to finish...


       at ../utils/page-objects.ts:119

      117 |   
      118 |   async login(email: string, password: string) {
    > 119 |     await this.emailInput.fill(email);
          |                           ^
      120 |     await this.passwordInput.fill(password);
      121 |     await this.loginButton.click();
      122 |   }
        at LoginPage.login (/Users/nadalpiantini/Dev/axis6-mvp/axis6/tests/utils/page-objects.ts:119:27)
        at LoginPage.loginUser (/Users/nadalpiantini/Dev/axis6-mvp/axis6/tests/utils/page-objects.ts:129:16)
        at Object.authenticatedPage (/Users/nadalpiantini/Dev/axis6-mvp/axis6/tests/fixtures/auth-fixtures.ts:87:5)

    attachment #1: screenshot (image/png) ──────────────────────────────────────────────────────────
    ../../test-results/accessibility-AXIS6-Access-e472f-d-handle-high-contrast-mode-chromium/test-failed-1.png
    ────────────────────────────────────────────────────────────────────────────────────────────────

    attachment #2: video (video/webm) ──────────────────────────────────────────────────────────────
    ../../test-results/accessibility-AXIS6-Access-e472f-d-handle-high-contrast-mode-chromium/video.webm
    ────────────────────────────────────────────────────────────────────────────────────────────────
]]>
</failure>
<system-err>
<![CDATA[
Warning: attachment test-results/accessibility-AXIS6-Access-e472f-d-handle-high-contrast-mode-chromium/test-failed-1.png is missing
Warning: attachment test-results/accessibility-AXIS6-Access-e472f-d-handle-high-contrast-mode-chromium/video.webm is missing]]>
</system-err>
</testcase>
<testcase name="AXIS6 Accessibility Audits › Visual Accessibility › should not rely solely on color for information" classname="accessibility.spec.ts" time="16.799">
<failure message="accessibility.spec.ts:264:9 should not rely solely on color for information" type="FAILURE">
<![CDATA[  [chromium] › accessibility.spec.ts:264:9 › AXIS6 Accessibility Audits › Visual Accessibility › should not rely solely on color for information 

    TimeoutError: locator.fill: Timeout 10000ms exceeded.
    Call log:
      - waiting for locator('input[type="email"]')
        3 × waiting for" http://localhost:6789/auth/login" navigation to finish...
          - navigated to "http://localhost:6789/auth/login"


       at ../utils/page-objects.ts:119

      117 |   
      118 |   async login(email: string, password: string) {
    > 119 |     await this.emailInput.fill(email);
          |                           ^
      120 |     await this.passwordInput.fill(password);
      121 |     await this.loginButton.click();
      122 |   }
        at LoginPage.login (/Users/nadalpiantini/Dev/axis6-mvp/axis6/tests/utils/page-objects.ts:119:27)
        at LoginPage.loginUser (/Users/nadalpiantini/Dev/axis6-mvp/axis6/tests/utils/page-objects.ts:129:16)
        at Object.authenticatedPage (/Users/nadalpiantini/Dev/axis6-mvp/axis6/tests/fixtures/auth-fixtures.ts:87:5)

    attachment #1: screenshot (image/png) ──────────────────────────────────────────────────────────
    ../../test-results/accessibility-AXIS6-Access-b25ac-ly-on-color-for-information-chromium/test-failed-1.png
    ────────────────────────────────────────────────────────────────────────────────────────────────

    attachment #2: video (video/webm) ──────────────────────────────────────────────────────────────
    ../../test-results/accessibility-AXIS6-Access-b25ac-ly-on-color-for-information-chromium/video.webm
    ────────────────────────────────────────────────────────────────────────────────────────────────
]]>
</failure>
<system-err>
<![CDATA[
Warning: attachment test-results/accessibility-AXIS6-Access-b25ac-ly-on-color-for-information-chromium/test-failed-1.png is missing
Warning: attachment test-results/accessibility-AXIS6-Access-b25ac-ly-on-color-for-information-chromium/video.webm is missing]]>
</system-err>
</testcase>
<testcase name="AXIS6 Accessibility Audits › Motor Accessibility › should have adequate click targets" classname="accessibility.spec.ts" time="12.379">
<failure message="accessibility.spec.ts:288:9 should have adequate click targets" type="FAILURE">
<![CDATA[  [chromium] › accessibility.spec.ts:288:9 › AXIS6 Accessibility Audits › Motor Accessibility › should have adequate click targets 

    TimeoutError: locator.fill: Timeout 10000ms exceeded.
    Call log:
      - waiting for locator('input[type="email"]')
        3 × waiting for" http://localhost:6789/auth/login" navigation to finish...
          - navigated to "http://localhost:6789/auth/login"


       at ../utils/page-objects.ts:119

      117 |   
      118 |   async login(email: string, password: string) {
    > 119 |     await this.emailInput.fill(email);
          |                           ^
      120 |     await this.passwordInput.fill(password);
      121 |     await this.loginButton.click();
      122 |   }
        at LoginPage.login (/Users/nadalpiantini/Dev/axis6-mvp/axis6/tests/utils/page-objects.ts:119:27)
        at LoginPage.loginUser (/Users/nadalpiantini/Dev/axis6-mvp/axis6/tests/utils/page-objects.ts:129:16)
        at Object.authenticatedPage (/Users/nadalpiantini/Dev/axis6-mvp/axis6/tests/fixtures/auth-fixtures.ts:87:5)

    attachment #1: screenshot (image/png) ──────────────────────────────────────────────────────────
    ../../test-results/accessibility-AXIS6-Access-4c4b8-have-adequate-click-targets-chromium/test-failed-1.png
    ────────────────────────────────────────────────────────────────────────────────────────────────

    attachment #2: video (video/webm) ──────────────────────────────────────────────────────────────
    ../../test-results/accessibility-AXIS6-Access-4c4b8-have-adequate-click-targets-chromium/video.webm
    ────────────────────────────────────────────────────────────────────────────────────────────────

    Error Context: ../../test-results/accessibility-AXIS6-Access-4c4b8-have-adequate-click-targets-chromium/error-context.md
]]>
</failure>
<system-err>
<![CDATA[
Warning: attachment test-results/accessibility-AXIS6-Access-4c4b8-have-adequate-click-targets-chromium/test-failed-1.png is missing
Warning: attachment test-results/accessibility-AXIS6-Access-4c4b8-have-adequate-click-targets-chromium/video.webm is missing
Warning: attachment test-results/accessibility-AXIS6-Access-4c4b8-have-adequate-click-targets-chromium/error-context.md is missing]]>
</system-err>
</testcase>
<testcase name="AXIS6 Accessibility Audits › Motor Accessibility › should support click and touch interactions" classname="accessibility.spec.ts" time="4.104">
<failure message="accessibility.spec.ts:307:9 should support click and touch interactions" type="FAILURE">
<![CDATA[  [chromium] › accessibility.spec.ts:307:9 › AXIS6 Accessibility Audits › Motor Accessibility › should support click and touch interactions 

    Error: Landing page not loaded properly - no auth buttons visible

       at ../utils/page-objects.ts:84

      82 |     // At least some key elements should be visible
      83 |     if (!hasLoginButton && !hasRegisterButton) {
    > 84 |       throw new Error('Landing page not loaded properly - no auth buttons visible');
         |             ^
      85 |     }
      86 |   }
      87 |   
        at LandingPage.verifyLandingPageLoaded (/Users/nadalpiantini/Dev/axis6-mvp/axis6/tests/utils/page-objects.ts:84:13)
        at /Users/nadalpiantini/Dev/axis6-mvp/axis6/tests/e2e/accessibility.spec.ts:309:7

    attachment #1: screenshot (image/png) ──────────────────────────────────────────────────────────
    ../../test-results/accessibility-AXIS6-Access-bc3af-lick-and-touch-interactions-chromium/test-failed-1.png
    ────────────────────────────────────────────────────────────────────────────────────────────────

    attachment #2: video (video/webm) ──────────────────────────────────────────────────────────────
    ../../test-results/accessibility-AXIS6-Access-bc3af-lick-and-touch-interactions-chromium/video.webm
    ────────────────────────────────────────────────────────────────────────────────────────────────

    Error Context: ../../test-results/accessibility-AXIS6-Access-bc3af-lick-and-touch-interactions-chromium/error-context.md
]]>
</failure>
<system-err>
<![CDATA[
Warning: attachment test-results/accessibility-AXIS6-Access-bc3af-lick-and-touch-interactions-chromium/test-failed-1.png is missing
Warning: attachment test-results/accessibility-AXIS6-Access-bc3af-lick-and-touch-interactions-chromium/video.webm is missing
Warning: attachment test-results/accessibility-AXIS6-Access-bc3af-lick-and-touch-interactions-chromium/error-context.md is missing]]>
</system-err>
</testcase>
<testcase name="AXIS6 Accessibility Audits › Motor Accessibility › should not require precise mouse control" classname="accessibility.spec.ts" time="13.302">
<failure message="accessibility.spec.ts:327:9 should not require precise mouse control" type="FAILURE">
<![CDATA[  [chromium] › accessibility.spec.ts:327:9 › AXIS6 Accessibility Audits › Motor Accessibility › should not require precise mouse control 

    TimeoutError: locator.fill: Timeout 10000ms exceeded.
    Call log:
      - waiting for locator('input[type="email"]')
        3 × waiting for" http://localhost:6789/auth/login" navigation to finish...
          - navigated to "http://localhost:6789/auth/login"


       at ../utils/page-objects.ts:119

      117 |   
      118 |   async login(email: string, password: string) {
    > 119 |     await this.emailInput.fill(email);
          |                           ^
      120 |     await this.passwordInput.fill(password);
      121 |     await this.loginButton.click();
      122 |   }
        at LoginPage.login (/Users/nadalpiantini/Dev/axis6-mvp/axis6/tests/utils/page-objects.ts:119:27)
        at LoginPage.loginUser (/Users/nadalpiantini/Dev/axis6-mvp/axis6/tests/utils/page-objects.ts:129:16)
        at Object.authenticatedPage (/Users/nadalpiantini/Dev/axis6-mvp/axis6/tests/fixtures/auth-fixtures.ts:87:5)

    attachment #1: screenshot (image/png) ──────────────────────────────────────────────────────────
    ../../test-results/accessibility-AXIS6-Access-7108d-quire-precise-mouse-control-chromium/test-failed-1.png
    ────────────────────────────────────────────────────────────────────────────────────────────────

    attachment #2: video (video/webm) ──────────────────────────────────────────────────────────────
    ../../test-results/accessibility-AXIS6-Access-7108d-quire-precise-mouse-control-chromium/video.webm
    ────────────────────────────────────────────────────────────────────────────────────────────────

    Error Context: ../../test-results/accessibility-AXIS6-Access-7108d-quire-precise-mouse-control-chromium/error-context.md
]]>
</failure>
<system-err>
<![CDATA[
Warning: attachment test-results/accessibility-AXIS6-Access-7108d-quire-precise-mouse-control-chromium/test-failed-1.png is missing
Warning: attachment test-results/accessibility-AXIS6-Access-7108d-quire-precise-mouse-control-chromium/video.webm is missing
Warning: attachment test-results/accessibility-AXIS6-Access-7108d-quire-precise-mouse-control-chromium/error-context.md is missing]]>
</system-err>
</testcase>
<testcase name="AXIS6 Accessibility Audits › Motor Accessibility › should support voice activation" classname="accessibility.spec.ts" time="18.169">
<failure message="accessibility.spec.ts:353:9 should support voice activation" type="FAILURE">
<![CDATA[  [chromium] › accessibility.spec.ts:353:9 › AXIS6 Accessibility Audits › Motor Accessibility › should support voice activation 

    Error: expect(locator).toBeVisible() failed

    Locator:  locator('input[type="email"]')
    Expected: visible
    Received: <element(s) not found>
    Timeout:  10000ms

    Call log:
      - Expect "toBeVisible" with timeout 10000ms
      - waiting for locator('input[type="email"]')
        3 × waiting for" http://localhost:6789/auth/login" navigation to finish...
          - navigated to "http://localhost:6789/auth/login"
        - waiting for" http://localhost:6789/auth/login" navigation to finish...


       at ../utils/page-objects.ts:186

      184 |   
      185 |   async verifyLoginForm() {
    > 186 |     await expect(this.emailInput).toBeVisible();
          |                                   ^
      187 |     await expect(this.passwordInput).toBeVisible();
      188 |     await expect(this.loginButton).toBeVisible();
      189 |   }
        at LoginPage.verifyLoginForm (/Users/nadalpiantini/Dev/axis6-mvp/axis6/tests/utils/page-objects.ts:186:35)
        at /Users/nadalpiantini/Dev/axis6-mvp/axis6/tests/e2e/accessibility.spec.ts:355:23

    attachment #1: screenshot (image/png) ──────────────────────────────────────────────────────────
    ../../test-results/accessibility-AXIS6-Access-48ce0-ld-support-voice-activation-chromium/test-failed-1.png
    ────────────────────────────────────────────────────────────────────────────────────────────────

    attachment #2: video (video/webm) ──────────────────────────────────────────────────────────────
    ../../test-results/accessibility-AXIS6-Access-48ce0-ld-support-voice-activation-chromium/video.webm
    ────────────────────────────────────────────────────────────────────────────────────────────────
]]>
</failure>
<system-err>
<![CDATA[
Warning: attachment test-results/accessibility-AXIS6-Access-48ce0-ld-support-voice-activation-chromium/test-failed-1.png is missing
Warning: attachment test-results/accessibility-AXIS6-Access-48ce0-ld-support-voice-activation-chromium/video.webm is missing]]>
</system-err>
</testcase>
<testcase name="AXIS6 Accessibility Audits › Cognitive Accessibility › should have consistent navigation" classname="accessibility.spec.ts" time="2.364">
<failure message="accessibility.spec.ts:376:9 should have consistent navigation" type="FAILURE">
<![CDATA[  [chromium] › accessibility.spec.ts:376:9 › AXIS6 Accessibility Audits › Cognitive Accessibility › should have consistent navigation 

    Error: Landing page not loaded properly - no auth buttons visible

       at ../utils/page-objects.ts:84

      82 |     // At least some key elements should be visible
      83 |     if (!hasLoginButton && !hasRegisterButton) {
    > 84 |       throw new Error('Landing page not loaded properly - no auth buttons visible');
         |             ^
      85 |     }
      86 |   }
      87 |   
        at LandingPage.verifyLandingPageLoaded (/Users/nadalpiantini/Dev/axis6-mvp/axis6/tests/utils/page-objects.ts:84:13)
        at /Users/nadalpiantini/Dev/axis6-mvp/axis6/tests/e2e/accessibility.spec.ts:381:7

    attachment #1: screenshot (image/png) ──────────────────────────────────────────────────────────
    ../../test-results/accessibility-AXIS6-Access-341de--have-consistent-navigation-chromium/test-failed-1.png
    ────────────────────────────────────────────────────────────────────────────────────────────────

    attachment #2: video (video/webm) ──────────────────────────────────────────────────────────────
    ../../test-results/accessibility-AXIS6-Access-341de--have-consistent-navigation-chromium/video.webm
    ────────────────────────────────────────────────────────────────────────────────────────────────

    Error Context: ../../test-results/accessibility-AXIS6-Access-341de--have-consistent-navigation-chromium/error-context.md
]]>
</failure>
<system-err>
<![CDATA[
Warning: attachment test-results/accessibility-AXIS6-Access-341de--have-consistent-navigation-chromium/test-failed-1.png is missing
Warning: attachment test-results/accessibility-AXIS6-Access-341de--have-consistent-navigation-chromium/video.webm is missing
Warning: attachment test-results/accessibility-AXIS6-Access-341de--have-consistent-navigation-chromium/error-context.md is missing]]>
</system-err>
</testcase>
<testcase name="AXIS6 Accessibility Audits › Cognitive Accessibility › should provide clear instructions and feedback" classname="accessibility.spec.ts" time="17.307">
<failure message="accessibility.spec.ts:403:9 should provide clear instructions and feedback" type="FAILURE">
<![CDATA[  [chromium] › accessibility.spec.ts:403:9 › AXIS6 Accessibility Audits › Cognitive Accessibility › should provide clear instructions and feedback 

    Error: expect(locator).toBeVisible() failed

    Locator:  locator('input[type="email"]')
    Expected: visible
    Received: <element(s) not found>
    Timeout:  10000ms

    Call log:
      - Expect "toBeVisible" with timeout 10000ms
      - waiting for locator('input[type="email"]')
        3 × waiting for" http://localhost:6789/auth/register" navigation to finish...
          - navigated to "http://localhost:6789/auth/register"
        - waiting for" http://localhost:6789/auth/register" navigation to finish...


       at ../utils/page-objects.ts:227

      225 |   
      226 |   async verifyRegisterForm() {
    > 227 |     await expect(this.emailInput).toBeVisible();
          |                                   ^
      228 |     await expect(this.passwordInput.first()).toBeVisible();
      229 |     await expect(this.registerButton).toBeVisible();
      230 |   }
        at RegisterPage.verifyRegisterForm (/Users/nadalpiantini/Dev/axis6-mvp/axis6/tests/utils/page-objects.ts:227:35)
        at /Users/nadalpiantini/Dev/axis6-mvp/axis6/tests/e2e/accessibility.spec.ts:405:26

    attachment #1: screenshot (image/png) ──────────────────────────────────────────────────────────
    ../../test-results/accessibility-AXIS6-Access-082c1-r-instructions-and-feedback-chromium/test-failed-1.png
    ────────────────────────────────────────────────────────────────────────────────────────────────

    attachment #2: video (video/webm) ──────────────────────────────────────────────────────────────
    ../../test-results/accessibility-AXIS6-Access-082c1-r-instructions-and-feedback-chromium/video.webm
    ────────────────────────────────────────────────────────────────────────────────────────────────
]]>
</failure>
<system-err>
<![CDATA[
Warning: attachment test-results/accessibility-AXIS6-Access-082c1-r-instructions-and-feedback-chromium/test-failed-1.png is missing
Warning: attachment test-results/accessibility-AXIS6-Access-082c1-r-instructions-and-feedback-chromium/video.webm is missing]]>
</system-err>
</testcase>
<testcase name="AXIS6 Accessibility Audits › Cognitive Accessibility › should have reasonable timeout handling" classname="accessibility.spec.ts" time="17.919">
<failure message="accessibility.spec.ts:425:9 should have reasonable timeout handling" type="FAILURE">
<![CDATA[  [chromium] › accessibility.spec.ts:425:9 › AXIS6 Accessibility Audits › Cognitive Accessibility › should have reasonable timeout handling 

    TimeoutError: locator.fill: Timeout 10000ms exceeded.
    Call log:
      - waiting for locator('input[type="email"]')
        4 × waiting for" http://localhost:6789/auth/login" navigation to finish...
          - navigated to "http://localhost:6789/auth/login"


       at ../utils/page-objects.ts:119

      117 |   
      118 |   async login(email: string, password: string) {
    > 119 |     await this.emailInput.fill(email);
          |                           ^
      120 |     await this.passwordInput.fill(password);
      121 |     await this.loginButton.click();
      122 |   }
        at LoginPage.login (/Users/nadalpiantini/Dev/axis6-mvp/axis6/tests/utils/page-objects.ts:119:27)
        at LoginPage.loginUser (/Users/nadalpiantini/Dev/axis6-mvp/axis6/tests/utils/page-objects.ts:129:16)
        at Object.authenticatedPage (/Users/nadalpiantini/Dev/axis6-mvp/axis6/tests/fixtures/auth-fixtures.ts:87:5)

    attachment #1: screenshot (image/png) ──────────────────────────────────────────────────────────
    ../../test-results/accessibility-AXIS6-Access-5c35c-reasonable-timeout-handling-chromium/test-failed-1.png
    ────────────────────────────────────────────────────────────────────────────────────────────────

    attachment #2: video (video/webm) ──────────────────────────────────────────────────────────────
    ../../test-results/accessibility-AXIS6-Access-5c35c-reasonable-timeout-handling-chromium/video.webm
    ────────────────────────────────────────────────────────────────────────────────────────────────

    Error Context: ../../test-results/accessibility-AXIS6-Access-5c35c-reasonable-timeout-handling-chromium/error-context.md
]]>
</failure>
<system-err>
<![CDATA[
Warning: attachment test-results/accessibility-AXIS6-Access-5c35c-reasonable-timeout-handling-chromium/test-failed-1.png is missing
Warning: attachment test-results/accessibility-AXIS6-Access-5c35c-reasonable-timeout-handling-chromium/video.webm is missing
Warning: attachment test-results/accessibility-AXIS6-Access-5c35c-reasonable-timeout-handling-chromium/error-context.md is missing]]>
</system-err>
</testcase>
<testcase name="AXIS6 Accessibility Audits › Cognitive Accessibility › should provide undo functionality where appropriate" classname="accessibility.spec.ts" time="13.095">
<failure message="accessibility.spec.ts:454:9 should provide undo functionality where appropriate" type="FAILURE">
<![CDATA[  [chromium] › accessibility.spec.ts:454:9 › AXIS6 Accessibility Audits › Cognitive Accessibility › should provide undo functionality where appropriate 

    TimeoutError: locator.fill: Timeout 10000ms exceeded.
    Call log:
      - waiting for locator('input[type="email"]')
        3 × waiting for" http://localhost:6789/auth/login" navigation to finish...
          - navigated to "http://localhost:6789/auth/login"
        - waiting for" http://localhost:6789/auth/login" navigation to finish...


       at ../utils/page-objects.ts:119

      117 |   
      118 |   async login(email: string, password: string) {
    > 119 |     await this.emailInput.fill(email);
          |                           ^
      120 |     await this.passwordInput.fill(password);
      121 |     await this.loginButton.click();
      122 |   }
        at LoginPage.login (/Users/nadalpiantini/Dev/axis6-mvp/axis6/tests/utils/page-objects.ts:119:27)
        at LoginPage.loginUser (/Users/nadalpiantini/Dev/axis6-mvp/axis6/tests/utils/page-objects.ts:129:16)
        at Object.authenticatedPage (/Users/nadalpiantini/Dev/axis6-mvp/axis6/tests/fixtures/auth-fixtures.ts:87:5)

    attachment #1: screenshot (image/png) ──────────────────────────────────────────────────────────
    ../../test-results/accessibility-AXIS6-Access-e8e57-tionality-where-appropriate-chromium/test-failed-1.png
    ────────────────────────────────────────────────────────────────────────────────────────────────

    attachment #2: video (video/webm) ──────────────────────────────────────────────────────────────
    ../../test-results/accessibility-AXIS6-Access-e8e57-tionality-where-appropriate-chromium/video.webm
    ────────────────────────────────────────────────────────────────────────────────────────────────
]]>
</failure>
<system-err>
<![CDATA[
Warning: attachment test-results/accessibility-AXIS6-Access-e8e57-tionality-where-appropriate-chromium/test-failed-1.png is missing
Warning: attachment test-results/accessibility-AXIS6-Access-e8e57-tionality-where-appropriate-chromium/video.webm is missing]]>
</system-err>
</testcase>
<testcase name="AXIS6 Accessibility Audits › Comprehensive Accessibility › should pass automated accessibility scan" classname="accessibility.spec.ts" time="2.732">
<failure message="accessibility.spec.ts:482:9 should pass automated accessibility scan" type="FAILURE">
<![CDATA[  [chromium] › accessibility.spec.ts:482:9 › AXIS6 Accessibility Audits › Comprehensive Accessibility › should pass automated accessibility scan 

    Error: Landing page not loaded properly - no auth buttons visible

       at ../utils/page-objects.ts:84

      82 |     // At least some key elements should be visible
      83 |     if (!hasLoginButton && !hasRegisterButton) {
    > 84 |       throw new Error('Landing page not loaded properly - no auth buttons visible');
         |             ^
      85 |     }
      86 |   }
      87 |   
        at LandingPage.verifyLandingPageLoaded (/Users/nadalpiantini/Dev/axis6-mvp/axis6/tests/utils/page-objects.ts:84:13)
        at /Users/nadalpiantini/Dev/axis6-mvp/axis6/tests/e2e/accessibility.spec.ts:484:7

    attachment #1: screenshot (image/png) ──────────────────────────────────────────────────────────
    ../../test-results/accessibility-AXIS6-Access-5f5e8-utomated-accessibility-scan-chromium/test-failed-1.png
    ────────────────────────────────────────────────────────────────────────────────────────────────

    attachment #2: video (video/webm) ──────────────────────────────────────────────────────────────
    ../../test-results/accessibility-AXIS6-Access-5f5e8-utomated-accessibility-scan-chromium/video.webm
    ────────────────────────────────────────────────────────────────────────────────────────────────

    Error Context: ../../test-results/accessibility-AXIS6-Access-5f5e8-utomated-accessibility-scan-chromium/error-context.md
]]>
</failure>
<system-err>
<![CDATA[
Warning: attachment test-results/accessibility-AXIS6-Access-5f5e8-utomated-accessibility-scan-chromium/test-failed-1.png is missing
Warning: attachment test-results/accessibility-AXIS6-Access-5f5e8-utomated-accessibility-scan-chromium/video.webm is missing
Warning: attachment test-results/accessibility-AXIS6-Access-5f5e8-utomated-accessibility-scan-chromium/error-context.md is missing]]>
</system-err>
</testcase>
<testcase name="AXIS6 Accessibility Audits › Comprehensive Accessibility › should work with assistive technologies" classname="accessibility.spec.ts" time="13.226">
<failure message="accessibility.spec.ts:505:9 should work with assistive technologies" type="FAILURE">
<![CDATA[  [chromium] › accessibility.spec.ts:505:9 › AXIS6 Accessibility Audits › Comprehensive Accessibility › should work with assistive technologies 

    TimeoutError: locator.fill: Timeout 10000ms exceeded.
    Call log:
      - waiting for locator('input[type="email"]')
        2 × waiting for" http://localhost:6789/auth/login" navigation to finish...
          - navigated to "http://localhost:6789/auth/login"


       at ../utils/page-objects.ts:119

      117 |   
      118 |   async login(email: string, password: string) {
    > 119 |     await this.emailInput.fill(email);
          |                           ^
      120 |     await this.passwordInput.fill(password);
      121 |     await this.loginButton.click();
      122 |   }
        at LoginPage.login (/Users/nadalpiantini/Dev/axis6-mvp/axis6/tests/utils/page-objects.ts:119:27)
        at LoginPage.loginUser (/Users/nadalpiantini/Dev/axis6-mvp/axis6/tests/utils/page-objects.ts:129:16)
        at Object.authenticatedPage (/Users/nadalpiantini/Dev/axis6-mvp/axis6/tests/fixtures/auth-fixtures.ts:87:5)

    attachment #1: screenshot (image/png) ──────────────────────────────────────────────────────────
    ../../test-results/accessibility-AXIS6-Access-2d6f3-with-assistive-technologies-chromium/test-failed-1.png
    ────────────────────────────────────────────────────────────────────────────────────────────────

    attachment #2: video (video/webm) ──────────────────────────────────────────────────────────────
    ../../test-results/accessibility-AXIS6-Access-2d6f3-with-assistive-technologies-chromium/video.webm
    ────────────────────────────────────────────────────────────────────────────────────────────────

    Error Context: ../../test-results/accessibility-AXIS6-Access-2d6f3-with-assistive-technologies-chromium/error-context.md
]]>
</failure>
<system-err>
<![CDATA[
Warning: attachment test-results/accessibility-AXIS6-Access-2d6f3-with-assistive-technologies-chromium/test-failed-1.png is missing
Warning: attachment test-results/accessibility-AXIS6-Access-2d6f3-with-assistive-technologies-chromium/video.webm is missing
Warning: attachment test-results/accessibility-AXIS6-Access-2d6f3-with-assistive-technologies-chromium/error-context.md is missing]]>
</system-err>
</testcase>
</testsuite>
<testsuite name="audit-analytics-achievements.spec.ts" timestamp="2025-08-26T17:29:36.398Z" hostname="chromium" tests="7" failures="0" skipped="0" time="99.231" errors="0">
<testcase name="SUB-AGENT 5: Analytics &amp; Achievements Audit › Analytics Page Structure and Access Audit" classname="audit-analytics-achievements.spec.ts" time="8.975">
<system-out>
<![CDATA[🔐 Logging in for Analytics & Achievements testing...
📊 [SUB-AGENT 5] Starting Analytics Page Structure Audit...
🐛 [SUB-AGENT 5] BUG FOUND [MEDIUM] on /analytics: Main Analytics Container not found
✅ Found Analytics Page Title
✅ Found Chart Elements
🐛 [SUB-AGENT 5] BUG FOUND [MEDIUM] on /analytics: Visualization Components not found
✅ Analytics Page Structure Audit Complete
]]>
</system-out>
</testcase>
<testcase name="SUB-AGENT 5: Analytics &amp; Achievements Audit › Data Visualization Charts Comprehensive Test" classname="audit-analytics-achievements.spec.ts" time="39.114">
<system-out>
<![CDATA[🔐 Logging in for Analytics & Achievements testing...
📈 [SUB-AGENT 5] Starting Data Visualization Test...
📊 Testing data visualization: SVG Charts
✅ Chart 1 is interactive
✅ Chart 2 is interactive
✅ Chart 3 is interactive
✅ Chart 4 is interactive
✅ Chart 5 is interactive
✅ Chart 6 is interactive
🐛 [SUB-AGENT 5] BUG FOUND [MEDIUM] [SVG Charts] on /analytics: Chart 7 not visible
✅ Chart 8 is interactive
✅ Chart 9 is interactive
🐛 [SUB-AGENT 5] BUG FOUND [MEDIUM] [SVG Charts] on /analytics: Chart 10 not visible
🐛 [SUB-AGENT 5] BUG FOUND [MEDIUM] [SVG Charts] on /analytics: Chart 11 not visible
🐛 [SUB-AGENT 5] BUG FOUND [MEDIUM] [SVG Charts] on /analytics: Chart 12 not visible
✅ Chart 13 is interactive
✅ Chart 14 is interactive
✅ Chart 15 is interactive
✅ Chart 16 is interactive
✅ Chart 17 is interactive
✅ Chart 18 is interactive
✅ Chart 19 is interactive
✅ Chart 20 is interactive
✅ Chart 21 is interactive
✅ Chart 22 is interactive
✅ Chart 23 is interactive
✅ Chart 24 is interactive
📊 Testing data visualization: Canvas Charts
🐛 [SUB-AGENT 5] BUG FOUND [MEDIUM] [Canvas Charts] on /analytics: Chart not found: canvas
📊 Testing data visualization: Chart Components
🐛 [SUB-AGENT 5] BUG FOUND [MEDIUM] [Chart Components] on /analytics: Chart not found: [data-testid*="chart"]
📊 Testing data visualization: Recharts Components
🐛 [SUB-AGENT 5] BUG FOUND [MEDIUM] [Recharts Components] on /analytics: Chart not found: .recharts-wrapper, .chart-container
📊 Testing data visualization: Chart Elements
✅ Chart 1 is interactive
✅ Chart 2 is interactive
📊 Successfully tested 2/5 chart types
📱 Testing chart responsiveness...
✅ Data Visualization Test Complete

🎯 [SUB-AGENT 5] ANALYTICS & ACHIEVEMENTS AUDIT COMPLETE!
=====================================
📊 Total Issues Found: 7
🔴 Critical: 0
🟠 High: 0
🟡 Medium: 7
🟢 Low: 0
=====================================

📄 JSON REPORT FOR ORCHESTRATOR:
{
  "agent": "analytics-achievements",
  "totalBugs": 7,
  "critical": 0,
  "high": 0,
  "medium": 7,
  "low": 0,
  "bugs": [
    {
      "agent": "analytics-achievements",
      "page": "/analytics",
      "element": "SVG Charts",
      "issue": "Chart 7 not visible",
      "severity": "medium",
      "screenshot": "analytics-achievements-bug-1-_analytics.png",
      "networkLogs": [
        "POST https://nvpnhqhjttgwfwvkgmpk.supabase.co/auth/v1/token?grant_type=password",
        "GET https://axis6.app/analytics?_rsc=skepm",
        "GET https://axis6.app/achievements?_rsc=skepm",
        "GET https://nvpnhqhjttgwfwvkgmpk.supabase.co/auth/v1/user",
        "GET https://nvpnhqhjttgwfwvkgmpk.supabase.co/rest/v1/axis6_categories?select=*&order=position.asc",
        "GET https://nvpnhqhjttgwfwvkgmpk.supabase.co/auth/v1/user",
        "GET https://nvpnhqhjttgwfwvkgmpk.supabase.co/auth/v1/user",
        "GET https://nvpnhqhjttgwfwvkgmpk.supabase.co/rest/v1/axis6_checkins?select=*&user_id=eq.b07a89a3-6030-42f9-8c60-ce28afc47132&completed_at=gte.2025-08-26T00%3A00%3A00.000Z&completed_at=lte.2025-08-26T23%3A59%3A59.999Z",
        "GET https://nvpnhqhjttgwfwvkgmpk.supabase.co/rest/v1/axis6_streaks?select=*&user_id=eq.b07a89a3-6030-42f9-8c60-ce28afc47132",
        "GET https://axis6.app/api/mantras/daily",
        "GET https://axis6.app/analytics",
        "GET https://axis6.app/_next/static/chunks/app/analytics/page-77cefe8732be2212.js",
        "GET https://nvpnhqhjttgwfwvkgmpk.supabase.co/auth/v1/user",
        "GET https://axis6.app/analytics",
        "GET https://axis6.app/api/analytics?period=30",
        "GET https://axis6.app/_next/static/chunks/app/analytics/page-77cefe8732be2212.js",
        "GET https://axis6.app/achievements?_rsc=10xex",
        "GET https://nvpnhqhjttgwfwvkgmpk.supabase.co/auth/v1/user",
        "GET https://nvpnhqhjttgwfwvkgmpk.supabase.co/auth/v1/user",
        "GET https://nvpnhqhjttgwfwvkgmpk.supabase.co/rest/v1/axis6_categories?select=*&order=position.asc",
        "GET https://nvpnhqhjttgwfwvkgmpk.supabase.co/rest/v1/axis6_checkins?select=*&user_id=eq.b07a89a3-6030-42f9-8c60-ce28afc47132&completed_at=gte.2025-08-26T00%3A00%3A00.000Z&completed_at=lte.2025-08-26T23%3A59%3A59.999Z",
        "GET https://nvpnhqhjttgwfwvkgmpk.supabase.co/rest/v1/axis6_streaks?select=*&user_id=eq.b07a89a3-6030-42f9-8c60-ce28afc47132",
        "GET https://axis6.app/api/mantras/daily",
        "GET https://axis6.app/api/time-blocks?date=2025-08-26",
        "GET https://axis6.app/api/my-day/stats?date=2025-08-26",
        "GET https://axis6.app/analytics?_rsc=751j8",
        "GET https://axis6.app/api/analytics?period=30",
        "GET https://axis6.app/achievements?_rsc=1xgko",
        "GET https://axis6.app/_next/static/chunks/app/achievements/page-04ca0140b1d045b0.js",
        "GET https://axis6.app/achievements",
        "GET https://axis6.app/_next/static/chunks/app/achievements/page-04ca0140b1d045b0.js",
        "GET https://nvpnhqhjttgwfwvkgmpk.supabase.co/rest/v1/axis6_profiles?select=*&id=eq.b07a89a3-6030-42f9-8c60-ce28afc47132",
        "GET https://nvpnhqhjttgwfwvkgmpk.supabase.co/rest/v1/axis6_temperament_profiles?select=*&user_id=eq.b07a89a3-6030-42f9-8c60-ce28afc47132"
      ],
      "consoleErrors": [
        "Console Error: WebSocket connection to 'wss://nvpnhqhjttgwfwvkgmpk.supabase.co/realtime/v1/websocket?apikey=eyJhbGciOiJIUzI1NiIsInR5cCI6IkpXVCJ9.eyJpc3MiOiJzdXBhYmFzZSIsInJlZiI6Im52cG5ocWhqdHRnd2Z3dmtnbXBrIiwicm9sZSI6ImFub24iLCJpYXQiOjE3NTU3MDkyNTYsImV4cCI6MjA3MTI4NTI1Nn0.yVgnHzflgpX_CMY4VB62ndZlsrfeH0Mlhl026HT06C0%0A&eventsPerSecond=10&vsn=1.0.0' failed: HTTP Authentication failed; no valid credentials available",
        "Console Error: WebSocket connection to 'wss://nvpnhqhjttgwfwvkgmpk.supabase.co/realtime/v1/websocket?apikey=eyJhbGciOiJIUzI1NiIsInR5cCI6IkpXVCJ9.eyJpc3MiOiJzdXBhYmFzZSIsInJlZiI6Im52cG5ocWhqdHRnd2Z3dmtnbXBrIiwicm9sZSI6ImFub24iLCJpYXQiOjE3NTU3MDkyNTYsImV4cCI6MjA3MTI4NTI1Nn0.yVgnHzflgpX_CMY4VB62ndZlsrfeH0Mlhl026HT06C0%0A&eventsPerSecond=10&vsn=1.0.0' failed: HTTP Authentication failed; no valid credentials available",
        "Console Error: WebSocket connection to 'wss://nvpnhqhjttgwfwvkgmpk.supabase.co/realtime/v1/websocket?apikey=eyJhbGciOiJIUzI1NiIsInR5cCI6IkpXVCJ9.eyJpc3MiOiJzdXBhYmFzZSIsInJlZiI6Im52cG5ocWhqdHRnd2Z3dmtnbXBrIiwicm9sZSI6ImFub24iLCJpYXQiOjE3NTU3MDkyNTYsImV4cCI6MjA3MTI4NTI1Nn0.yVgnHzflgpX_CMY4VB62ndZlsrfeH0Mlhl026HT06C0%0A&eventsPerSecond=10&vsn=1.0.0' failed: HTTP Authentication failed; no valid credentials available"
      ],
      "timestamp": "2025-08-26T17:31:02.485Z",
      "chartType": "SVG Charts"
    },
    {
      "agent": "analytics-achievements",
      "page": "/analytics",
      "element": "SVG Charts",
      "issue": "Chart 10 not visible",
      "severity": "medium",
      "screenshot": "analytics-achievements-bug-2-_analytics.png",
      "networkLogs": [],
      "consoleErrors": [],
      "timestamp": "2025-08-26T17:31:05.754Z",
      "chartType": "SVG Charts"
    },
    {
      "agent": "analytics-achievements",
      "page": "/analytics",
      "element": "SVG Charts",
      "issue": "Chart 11 not visible",
      "severity": "medium",
      "screenshot": "analytics-achievements-bug-3-_analytics.png",
      "networkLogs": [],
      "consoleErrors": [],
      "timestamp": "2025-08-26T17:31:05.957Z",
      "chartType": "SVG Charts"
    },
    {
      "agent": "analytics-achievements",
      "page": "/analytics",
      "element": "SVG Charts",
      "issue": "Chart 12 not visible",
      "severity": "medium",
      "screenshot": "analytics-achievements-bug-4-_analytics.png",
      "networkLogs": [],
      "consoleErrors": [],
      "timestamp": "2025-08-26T17:31:06.170Z",
      "chartType": "SVG Charts"
    },
    {
      "agent": "analytics-achievements",
      "page": "/analytics",
      "element": "Canvas Charts",
      "issue": "Chart not found: canvas",
      "severity": "medium",
      "screenshot": "analytics-achievements-bug-5-_analytics.png",
      "networkLogs": [],
      "consoleErrors": [],
      "timestamp": "2025-08-26T17:31:19.153Z",
      "chartType": "Canvas Charts"
    },
    {
      "agent": "analytics-achievements",
      "page": "/analytics",
      "element": "Chart Components",
      "issue": "Chart not found: [data-testid*=\"chart\"]",
      "severity": "medium",
      "screenshot": "analytics-achievements-bug-6-_analytics.png",
      "networkLogs": [],
      "consoleErrors": [],
      "timestamp": "2025-08-26T17:31:19.363Z",
      "chartType": "Chart Components"
    },
    {
      "agent": "analytics-achievements",
      "page": "/analytics",
      "element": "Recharts Components",
      "issue": "Chart not found: .recharts-wrapper, .chart-container",
      "severity": "medium",
      "screenshot": "analytics-achievements-bug-7-_analytics.png",
      "networkLogs": [],
      "consoleErrors": [],
      "timestamp": "2025-08-26T17:31:19.584Z",
      "chartType": "Recharts Components"
    }
  ],
  "completedAt": "2025-08-26T17:31:23.216Z"
}

🐛 DETAILED BUG REPORT:

1. [MEDIUM] [SVG Charts] /analytics
   Element: SVG Charts
   Issue: Chart 7 not visible
   Screenshot: analytics-achievements-bug-1-_analytics.png
   Console Errors: Console Error: WebSocket connection to 'wss://nvpnhqhjttgwfwvkgmpk.supabase.co/realtime/v1/websocket?apikey=eyJhbGciOiJIUzI1NiIsInR5cCI6IkpXVCJ9.eyJpc3MiOiJzdXBhYmFzZSIsInJlZiI6Im52cG5ocWhqdHRnd2Z3dmtnbXBrIiwicm9sZSI6ImFub24iLCJpYXQiOjE3NTU3MDkyNTYsImV4cCI6MjA3MTI4NTI1Nn0.yVgnHzflgpX_CMY4VB62ndZlsrfeH0Mlhl026HT06C0%0A&eventsPerSecond=10&vsn=1.0.0' failed: HTTP Authentication failed; no valid credentials available, Console Error: WebSocket connection to 'wss://nvpnhqhjttgwfwvkgmpk.supabase.co/realtime/v1/websocket?apikey=eyJhbGciOiJIUzI1NiIsInR5cCI6IkpXVCJ9.eyJpc3MiOiJzdXBhYmFzZSIsInJlZiI6Im52cG5ocWhqdHRnd2Z3dmtnbXBrIiwicm9sZSI6ImFub24iLCJpYXQiOjE3NTU3MDkyNTYsImV4cCI6MjA3MTI4NTI1Nn0.yVgnHzflgpX_CMY4VB62ndZlsrfeH0Mlhl026HT06C0%0A&eventsPerSecond=10&vsn=1.0.0' failed: HTTP Authentication failed; no valid credentials available, Console Error: WebSocket connection to 'wss://nvpnhqhjttgwfwvkgmpk.supabase.co/realtime/v1/websocket?apikey=eyJhbGciOiJIUzI1NiIsInR5cCI6IkpXVCJ9.eyJpc3MiOiJzdXBhYmFzZSIsInJlZiI6Im52cG5ocWhqdHRnd2Z3dmtnbXBrIiwicm9sZSI6ImFub24iLCJpYXQiOjE3NTU3MDkyNTYsImV4cCI6MjA3MTI4NTI1Nn0.yVgnHzflgpX_CMY4VB62ndZlsrfeH0Mlhl026HT06C0%0A&eventsPerSecond=10&vsn=1.0.0' failed: HTTP Authentication failed; no valid credentials available

2. [MEDIUM] [SVG Charts] /analytics
   Element: SVG Charts
   Issue: Chart 10 not visible
   Screenshot: analytics-achievements-bug-2-_analytics.png

3. [MEDIUM] [SVG Charts] /analytics
   Element: SVG Charts
   Issue: Chart 11 not visible
   Screenshot: analytics-achievements-bug-3-_analytics.png

4. [MEDIUM] [SVG Charts] /analytics
   Element: SVG Charts
   Issue: Chart 12 not visible
   Screenshot: analytics-achievements-bug-4-_analytics.png

5. [MEDIUM] [Canvas Charts] /analytics
   Element: Canvas Charts
   Issue: Chart not found: canvas
   Screenshot: analytics-achievements-bug-5-_analytics.png

6. [MEDIUM] [Chart Components] /analytics
   Element: Chart Components
   Issue: Chart not found: [data-testid*="chart"]
   Screenshot: analytics-achievements-bug-6-_analytics.png

7. [MEDIUM] [Recharts Components] /analytics
   Element: Recharts Components
   Issue: Chart not found: .recharts-wrapper, .chart-container
   Screenshot: analytics-achievements-bug-7-_analytics.png

✅ Sub-Agent 5 reporting complete to orchestrator
]]>
</system-out>
</testcase>
<testcase name="SUB-AGENT 5: Analytics &amp; Achievements Audit › Analytics Filters and Controls Audit" classname="audit-analytics-achievements.spec.ts" time="8.282">
<system-out>
<![CDATA[🔐 Logging in for Analytics & Achievements testing...
🔍 [SUB-AGENT 5] Starting Analytics Filters Audit...
🔍 Testing filter controls...
ℹ️ No filter controls found (this may be normal)
✅ Analytics Filters Audit Complete
]]>
</system-out>
</testcase>
<testcase name="SUB-AGENT 5: Analytics &amp; Achievements Audit › Export and Download Functionality Audit" classname="audit-analytics-achievements.spec.ts" time="8.383">
<system-out>
<![CDATA[🔐 Logging in for Analytics & Achievements testing...
📥 [SUB-AGENT 5] Starting Export Functionality Audit...
📥 Testing export functionality...
ℹ️ No export functionality found (this may be normal)
✅ Export Functionality Audit Complete

🎯 [SUB-AGENT 5] ANALYTICS & ACHIEVEMENTS AUDIT COMPLETE!
=====================================
📊 Total Issues Found: 0
🔴 Critical: 0
🟠 High: 0
🟡 Medium: 0
🟢 Low: 0
=====================================

📄 JSON REPORT FOR ORCHESTRATOR:
{
  "agent": "analytics-achievements",
  "totalBugs": 0,
  "critical": 0,
  "high": 0,
  "medium": 0,
  "low": 0,
  "bugs": [],
  "completedAt": "2025-08-26T17:30:52.849Z"
}

🎉 NO BUGS FOUND IN ANALYTICS & ACHIEVEMENTS!

✅ Sub-Agent 5 reporting complete to orchestrator
]]>
</system-out>
</testcase>
<testcase name="SUB-AGENT 5: Analytics &amp; Achievements Audit › Achievements Page Complete Audit" classname="audit-analytics-achievements.spec.ts" time="8.191">
<system-out>
<![CDATA[🔐 Logging in for Analytics & Achievements testing...
🏆 [SUB-AGENT 5] Starting Achievements Page Audit...
🐛 [SUB-AGENT 5] BUG FOUND [MEDIUM] on /achievements: Main Achievements Container not found
✅ Found Achievements Page Title
🏆 Testing achievement elements...
📊 Total achievements found: 0
ℹ️ No achievements found (this may be normal for a new user)
✅ Achievements Page Audit Complete
]]>
</system-out>
</testcase>
<testcase name="SUB-AGENT 5: Analytics &amp; Achievements Audit › Analytics &amp; Achievements API Integration Audit" classname="audit-analytics-achievements.spec.ts" time="16.738">
<system-out>
<![CDATA[🔐 Logging in for Analytics & Achievements testing...
🔗 [SUB-AGENT 5] Starting Analytics & Achievements API Audit...
🔍 Testing filter controls...
ℹ️ No filter controls found (this may be normal)
📊 Analytics & Achievements API Analysis (Total calls: 5)
✅ Successful API calls: 5
❌ Failed API calls: 0
✅ API endpoint 'analytics' was called
ℹ️ API endpoint 'achievements' was not called
ℹ️ API endpoint 'stats' was not called
✅ API endpoint 'streaks' was called
ℹ️ API endpoint 'progress' was not called
✅ Analytics & Achievements API Audit Complete

🎯 [SUB-AGENT 5] ANALYTICS & ACHIEVEMENTS AUDIT COMPLETE!
=====================================
📊 Total Issues Found: 0
🔴 Critical: 0
🟠 High: 0
🟡 Medium: 0
🟢 Low: 0
=====================================

📄 JSON REPORT FOR ORCHESTRATOR:
{
  "agent": "analytics-achievements",
  "totalBugs": 0,
  "critical": 0,
  "high": 0,
  "medium": 0,
  "low": 0,
  "bugs": [],
  "completedAt": "2025-08-26T17:31:02.627Z"
}

🎉 NO BUGS FOUND IN ANALYTICS & ACHIEVEMENTS!

✅ Sub-Agent 5 reporting complete to orchestrator
]]>
</system-out>
</testcase>
<testcase name="SUB-AGENT 5: Analytics &amp; Achievements Audit › Data Loading and Performance Audit" classname="audit-analytics-achievements.spec.ts" time="9.548">
<system-out>
<![CDATA[🔐 Logging in for Analytics & Achievements testing...
⚡ [SUB-AGENT 5] Starting Data Loading Performance Audit...
📊 Analytics page load time: 1495ms
📈 Chart rendering time: 19ms
🏆 Achievements page load time: 1137ms
ℹ️ No data freshness indicators found (may be by design)
✅ Data Loading Performance Audit Complete

🎯 [SUB-AGENT 5] ANALYTICS & ACHIEVEMENTS AUDIT COMPLETE!
=====================================
📊 Total Issues Found: 0
🔴 Critical: 0
🟠 High: 0
🟡 Medium: 0
🟢 Low: 0
=====================================

📄 JSON REPORT FOR ORCHESTRATOR:
{
  "agent": "analytics-achievements",
  "totalBugs": 0,
  "critical": 0,
  "high": 0,
  "medium": 0,
  "low": 0,
  "bugs": [],
  "completedAt": "2025-08-26T17:30:48.720Z"
}

🎉 NO BUGS FOUND IN ANALYTICS & ACHIEVEMENTS!

✅ Sub-Agent 5 reporting complete to orchestrator
]]>
</system-out>
</testcase>
</testsuite>
<testsuite name="audit-auth-landing.spec.ts" timestamp="2025-08-26T17:29:36.398Z" hostname="chromium" tests="7" failures="0" skipped="0" time="123.907" errors="0">
<testcase name="SUB-AGENT 1: Auth &amp; Landing Page Comprehensive Audit › Landing Page Complete Audit" classname="audit-auth-landing.spec.ts" time="69.455">
<system-out>
<![CDATA[🏠 [SUB-AGENT 1] Starting Landing Page Audit...
🎯 Testing Hero Section...
🔘 Testing Landing Page Buttons...
🐛 [SUB-AGENT 1] BUG FOUND [LOW] on /: Element not found: button
🧭 Testing Navigation Menu...
🐛 [SUB-AGENT 1] BUG FOUND [LOW] on /: Element not found: nav a, [data-testid*="nav"]
⬡ Testing Landing Page Hexagon...
🐛 [SUB-AGENT 1] BUG FOUND [MEDIUM] on /: Click failed: TimeoutError: locator.click: Timeout 10000ms exceeded.
Call log:
[2m  - waiting for locator('svg circle, svg path').first()[22m
[2m    - locator resolved to <path d="M19 21v-2a4 4 0 0 0-4-4H9a4 4 0 0 0-4 4v2"></path>[22m
[2m  - attempting click action[22m
[2m    2 × waiting for element to be visible, enabled and stable[22m
[2m      - element is visible, enabled and stable[22m
[2m      - scrolling into view if needed[22m
[2m      - done scrolling[22m
[2m      - <svg width="24" height="24" fill="none" stroke-width="2" aria-hidden="true" viewBox="0 0 24 24" stroke="currentColor" stroke-linecap="round" stroke-linejoin="round" xmlns="http://www.w3.org/2000/svg" class="lucide lucide-user absolute left-3 top-1/2 -translate-y-1/2 w-5 h-5 text-gray-400">…</svg> intercepts pointer events[22m
[2m    - retrying click action[22m
[2m    - waiting 20ms[22m
[2m    2 × waiting for element to be visible, enabled and stable[22m
[2m      - element is visible, enabled and stable[22m
[2m      - scrolling into view if needed[22m
[2m      - done scrolling[22m
[2m      - <svg width="24" height="24" fill="none" stroke-width="2" aria-hidden="true" viewBox="0 0 24 24" stroke="currentColor" stroke-linecap="round" stroke-linejoin="round" xmlns="http://www.w3.org/2000/svg" class="lucide lucide-user absolute left-3 top-1/2 -translate-y-1/2 w-5 h-5 text-gray-400">…</svg> intercepts pointer events[22m
[2m    - retrying click action[22m
[2m      - waiting 100ms[22m
[2m    18 × waiting for element to be visible, enabled and stable[22m
[2m       - element is visible, enabled and stable[22m
[2m       - scrolling into view if needed[22m
[2m       - done scrolling[22m
[2m       - <svg width="24" height="24" fill="none" stroke-width="2" aria-hidden="true" viewBox="0 0 24 24" stroke="currentColor" stroke-linecap="round" stroke-linejoin="round" xmlns="http://www.w3.org/2000/svg" class="lucide lucide-user absolute left-3 top-1/2 -translate-y-1/2 w-5 h-5 text-gray-400">…</svg> intercepts pointer events[22m
[2m     - retrying click action[22m
[2m       - waiting 500ms[22m

🐛 [SUB-AGENT 1] BUG FOUND [MEDIUM] on /: Click failed: TimeoutError: locator.click: Timeout 10000ms exceeded.
Call log:
[2m  - waiting for locator('svg circle, svg path').nth(1)[22m
[2m    - locator resolved to <circle r="4" cy="7" cx="12"></circle>[22m
[2m  - attempting click action[22m
[2m    2 × waiting for element to be visible, enabled and stable[22m
[2m      - element is visible, enabled and stable[22m
[2m      - scrolling into view if needed[22m
[2m      - done scrolling[22m
[2m      - <svg width="24" height="24" fill="none" stroke-width="2" aria-hidden="true" viewBox="0 0 24 24" stroke="currentColor" stroke-linecap="round" stroke-linejoin="round" xmlns="http://www.w3.org/2000/svg" class="lucide lucide-user absolute left-3 top-1/2 -translate-y-1/2 w-5 h-5 text-gray-400">…</svg> intercepts pointer events[22m
[2m    - retrying click action[22m
[2m    - waiting 20ms[22m
[2m    2 × waiting for element to be visible, enabled and stable[22m
[2m      - element is visible, enabled and stable[22m
[2m      - scrolling into view if needed[22m
[2m      - done scrolling[22m
[2m      - <svg width="24" height="24" fill="none" stroke-width="2" aria-hidden="true" viewBox="0 0 24 24" stroke="currentColor" stroke-linecap="round" stroke-linejoin="round" xmlns="http://www.w3.org/2000/svg" class="lucide lucide-user absolute left-3 top-1/2 -translate-y-1/2 w-5 h-5 text-gray-400">…</svg> intercepts pointer events[22m
[2m    - retrying click action[22m
[2m      - waiting 100ms[22m
[2m    18 × waiting for element to be visible, enabled and stable[22m
[2m       - element is visible, enabled and stable[22m
[2m       - scrolling into view if needed[22m
[2m       - done scrolling[22m
[2m       - <svg width="24" height="24" fill="none" stroke-width="2" aria-hidden="true" viewBox="0 0 24 24" stroke="currentColor" stroke-linecap="round" stroke-linejoin="round" xmlns="http://www.w3.org/2000/svg" class="lucide lucide-user absolute left-3 top-1/2 -translate-y-1/2 w-5 h-5 text-gray-400">…</svg> intercepts pointer events[22m
[2m     - retrying click action[22m
[2m       - waiting 500ms[22m
[2m    - waiting for element to be visible, enabled and stable[22m

🐛 [SUB-AGENT 1] BUG FOUND [MEDIUM] on /: Click failed: TimeoutError: locator.click: Timeout 10000ms exceeded.
Call log:
[2m  - waiting for locator('svg circle, svg path').nth(2)[22m
[2m    - locator resolved to <path d="m22 7-8.991 5.727a2 2 0 0 1-2.009 0L2 7"></path>[22m
[2m  - attempting click action[22m
[2m    2 × waiting for element to be visible, enabled and stable[22m
[2m      - element is visible, enabled and stable[22m
[2m      - scrolling into view if needed[22m
[2m      - done scrolling[22m
[2m      - <svg width="24" height="24" fill="none" stroke-width="2" aria-hidden="true" viewBox="0 0 24 24" stroke="currentColor" stroke-linecap="round" stroke-linejoin="round" xmlns="http://www.w3.org/2000/svg" class="lucide lucide-mail absolute left-3 top-1/2 -translate-y-1/2 w-5 h-5 text-gray-400">…</svg> intercepts pointer events[22m
[2m    - retrying click action[22m
[2m    - waiting 20ms[22m
[2m    2 × waiting for element to be visible, enabled and stable[22m
[2m      - element is visible, enabled and stable[22m
[2m      - scrolling into view if needed[22m
[2m      - done scrolling[22m
[2m      - <svg width="24" height="24" fill="none" stroke-width="2" aria-hidden="true" viewBox="0 0 24 24" stroke="currentColor" stroke-linecap="round" stroke-linejoin="round" xmlns="http://www.w3.org/2000/svg" class="lucide lucide-mail absolute left-3 top-1/2 -translate-y-1/2 w-5 h-5 text-gray-400">…</svg> intercepts pointer events[22m
[2m    - retrying click action[22m
[2m      - waiting 100ms[22m
[2m    19 × waiting for element to be visible, enabled and stable[22m
[2m       - element is visible, enabled and stable[22m
[2m       - scrolling into view if needed[22m
[2m       - done scrolling[22m
[2m       - <svg width="24" height="24" fill="none" stroke-width="2" aria-hidden="true" viewBox="0 0 24 24" stroke="currentColor" stroke-linecap="round" stroke-linejoin="round" xmlns="http://www.w3.org/2000/svg" class="lucide lucide-mail absolute left-3 top-1/2 -translate-y-1/2 w-5 h-5 text-gray-400">…</svg> intercepts pointer events[22m
[2m     - retrying click action[22m
[2m       - waiting 500ms[22m

🐛 [SUB-AGENT 1] BUG FOUND [MEDIUM] on /: Click failed: TimeoutError: locator.click: Timeout 10000ms exceeded.
Call log:
[2m  - waiting for locator('svg circle, svg path').nth(3)[22m
[2m    - locator resolved to <path d="M7 11V7a5 5 0 0 1 10 0v4"></path>[22m
[2m  - attempting click action[22m
[2m    2 × waiting for element to be visible, enabled and stable[22m
[2m      - element is visible, enabled and stable[22m
[2m      - scrolling into view if needed[22m
[2m      - done scrolling[22m
[2m      - <svg width="24" height="24" fill="none" stroke-width="2" aria-hidden="true" viewBox="0 0 24 24" stroke="currentColor" stroke-linecap="round" stroke-linejoin="round" xmlns="http://www.w3.org/2000/svg" class="lucide lucide-lock absolute left-3 top-1/2 -translate-y-1/2 w-5 h-5 text-gray-400">…</svg> intercepts pointer events[22m
[2m    - retrying click action[22m
[2m    - waiting 20ms[22m
[2m    2 × waiting for element to be visible, enabled and stable[22m
[2m      - element is visible, enabled and stable[22m
[2m      - scrolling into view if needed[22m
[2m      - done scrolling[22m
[2m      - <svg width="24" height="24" fill="none" stroke-width="2" aria-hidden="true" viewBox="0 0 24 24" stroke="currentColor" stroke-linecap="round" stroke-linejoin="round" xmlns="http://www.w3.org/2000/svg" class="lucide lucide-lock absolute left-3 top-1/2 -translate-y-1/2 w-5 h-5 text-gray-400">…</svg> intercepts pointer events[22m
[2m    - retrying click action[22m
[2m      - waiting 100ms[22m
[2m    19 × waiting for element to be visible, enabled and stable[22m
[2m       - element is visible, enabled and stable[22m
[2m       - scrolling into view if needed[22m
[2m       - done scrolling[22m
[2m       - <svg width="24" height="24" fill="none" stroke-width="2" aria-hidden="true" viewBox="0 0 24 24" stroke="currentColor" stroke-linecap="round" stroke-linejoin="round" xmlns="http://www.w3.org/2000/svg" class="lucide lucide-lock absolute left-3 top-1/2 -translate-y-1/2 w-5 h-5 text-gray-400">…</svg> intercepts pointer events[22m
[2m     - retrying click action[22m
[2m       - waiting 500ms[22m

🐛 [SUB-AGENT 1] BUG FOUND [MEDIUM] on /: Click failed: TimeoutError: locator.click: Timeout 10000ms exceeded.
Call log:
[2m  - waiting for locator('svg circle, svg path').nth(6)[22m
[2m    - locator resolved to <path d="M7 11V7a5 5 0 0 1 10 0v4"></path>[22m
[2m  - attempting click action[22m
[2m    2 × waiting for element to be visible, enabled and stable[22m
[2m      - element is visible, enabled and stable[22m
[2m      - scrolling into view if needed[22m
[2m      - done scrolling[22m
[2m      - <svg width="24" height="24" fill="none" stroke-width="2" aria-hidden="true" viewBox="0 0 24 24" stroke="currentColor" stroke-linecap="round" stroke-linejoin="round" xmlns="http://www.w3.org/2000/svg" class="lucide lucide-lock absolute left-3 top-1/2 -translate-y-1/2 w-5 h-5 text-gray-400">…</svg> intercepts pointer events[22m
[2m    - retrying click action[22m
[2m    - waiting 20ms[22m
[2m    2 × waiting for element to be visible, enabled and stable[22m
[2m      - element is visible, enabled and stable[22m
[2m      - scrolling into view if needed[22m
[2m      - done scrolling[22m
[2m      - <svg width="24" height="24" fill="none" stroke-width="2" aria-hidden="true" viewBox="0 0 24 24" stroke="currentColor" stroke-linecap="round" stroke-linejoin="round" xmlns="http://www.w3.org/2000/svg" class="lucide lucide-lock absolute left-3 top-1/2 -translate-y-1/2 w-5 h-5 text-gray-400">…</svg> intercepts pointer events[22m
[2m    - retrying click action[22m
[2m      - waiting 100ms[22m
[2m    19 × waiting for element to be visible, enabled and stable[22m
[2m       - element is visible, enabled and stable[22m
[2m       - scrolling into view if needed[22m
[2m       - done scrolling[22m
[2m       - <svg width="24" height="24" fill="none" stroke-width="2" aria-hidden="true" viewBox="0 0 24 24" stroke="currentColor" stroke-linecap="round" stroke-linejoin="round" xmlns="http://www.w3.org/2000/svg" class="lucide lucide-lock absolute left-3 top-1/2 -translate-y-1/2 w-5 h-5 text-gray-400">…</svg> intercepts pointer events[22m
[2m     - retrying click action[22m
[2m       - waiting 500ms[22m

✨ Testing Features Section...
🐛 [SUB-AGENT 1] BUG FOUND [LOW] on /: Element not found: [data-testid*="feature"], .feature
🔗 Testing Footer...
🐛 [SUB-AGENT 1] BUG FOUND [LOW] on /: Element not found: footer a
✅ Landing Page Audit Complete
]]>
</system-out>
</testcase>
<testcase name="SUB-AGENT 1: Auth &amp; Landing Page Comprehensive Audit › Authentication Pages Navigation Audit" classname="audit-auth-landing.spec.ts" time="7.078">
<system-out>
<![CDATA[🔐 [SUB-AGENT 1] Starting Auth Navigation Audit...
✅ Auth Navigation Audit Complete

🎯 [SUB-AGENT 1] AUTH & LANDING AUDIT COMPLETE!
=====================================
📊 Total Issues Found: 0
🔴 Critical: 0
🟠 High: 0
🟡 Medium: 0
🟢 Low: 0
=====================================

📄 JSON REPORT FOR ORCHESTRATOR:
{
  "agent": "auth-landing",
  "totalBugs": 0,
  "critical": 0,
  "high": 0,
  "medium": 0,
  "low": 0,
  "bugs": [],
  "completedAt": "2025-08-26T17:32:01.783Z"
}

🎉 NO BUGS FOUND IN AUTH & LANDING PAGES!

✅ Sub-Agent 1 reporting complete to orchestrator
]]>
</system-out>
</testcase>
<testcase name="SUB-AGENT 1: Auth &amp; Landing Page Comprehensive Audit › Login Page Complete Audit" classname="audit-auth-landing.spec.ts" time="6.959">
<system-out>
<![CDATA[🔑 [SUB-AGENT 1] Starting Login Page Audit...
📝 Testing Login Form Interactions...
🐛 [SUB-AGENT 1] BUG FOUND [LOW] on /auth/login: Element not found: a[href*="register"], a:has-text("Sign Up"), a:has-text("Register")
✅ Login Page Audit Complete
]]>
</system-out>
</testcase>
<testcase name="SUB-AGENT 1: Auth &amp; Landing Page Comprehensive Audit › Real User Login Flow Audit" classname="audit-auth-landing.spec.ts" time="6.681">
<system-out>
<![CDATA[🚀 [SUB-AGENT 1] Starting Real User Login Flow...
🔐 Attempting login with real credentials...
✅ Login successful - redirected to: https://axis6.app/dashboard
✅ Login triggered 8 network requests
✅ Real User Login Flow Complete

🎯 [SUB-AGENT 1] AUTH & LANDING AUDIT COMPLETE!
=====================================
📊 Total Issues Found: 0
🔴 Critical: 0
🟠 High: 0
🟡 Medium: 0
🟢 Low: 0
=====================================

📄 JSON REPORT FOR ORCHESTRATOR:
{
  "agent": "auth-landing",
  "totalBugs": 0,
  "critical": 0,
  "high": 0,
  "medium": 0,
  "low": 0,
  "bugs": [],
  "completedAt": "2025-08-26T17:31:02.414Z"
}

🎉 NO BUGS FOUND IN AUTH & LANDING PAGES!

✅ Sub-Agent 1 reporting complete to orchestrator
]]>
</system-out>
</testcase>
<testcase name="SUB-AGENT 1: Auth &amp; Landing Page Comprehensive Audit › Register Page Complete Audit" classname="audit-auth-landing.spec.ts" time="13.251">
<system-out>
<![CDATA[📝 [SUB-AGENT 1] Starting Register Page Audit...
🔍 Checking Register Form Elements...
📋 Testing Register Form Interactions...
✅ Register Page Audit Complete
]]>
</system-out>
</testcase>
<testcase name="SUB-AGENT 1: Auth &amp; Landing Page Comprehensive Audit › Forgot Password Page Audit" classname="audit-auth-landing.spec.ts" time="4.691">
<system-out>
<![CDATA[🔒 [SUB-AGENT 1] Starting Forgot Password Page Audit...
✅ Forgot password page exists
✅ Forgot Password Audit Complete

🎯 [SUB-AGENT 1] AUTH & LANDING AUDIT COMPLETE!
=====================================
📊 Total Issues Found: 0
🔴 Critical: 0
🟠 High: 0
🟡 Medium: 0
🟢 Low: 0
=====================================

📄 JSON REPORT FOR ORCHESTRATOR:
{
  "agent": "auth-landing",
  "totalBugs": 0,
  "critical": 0,
  "high": 0,
  "medium": 0,
  "low": 0,
  "bugs": [],
  "completedAt": "2025-08-26T17:31:10.829Z"
}

🎉 NO BUGS FOUND IN AUTH & LANDING PAGES!

✅ Sub-Agent 1 reporting complete to orchestrator
]]>
</system-out>
</testcase>
<testcase name="SUB-AGENT 1: Auth &amp; Landing Page Comprehensive Audit › Cross-Page Navigation Flow" classname="audit-auth-landing.spec.ts" time="15.792">
<system-out>
[...]
]]>
</failure>
<system-out>
<![CDATA[
[[ATTACHMENT|test-results/visual-regression-AXIS6-Vi-2e0d6-s-should-match-error-states-chromium/test-failed-1.png]]

[[ATTACHMENT|test-results/visual-regression-AXIS6-Vi-2e0d6-s-should-match-error-states-chromium/video.webm]]

[[ATTACHMENT|test-results/visual-regression-AXIS6-Vi-2e0d6-s-should-match-error-states-chromium/error-context.md]]
]]>
</system-out>
</testcase>
<testcase name="AXIS6 Visual Regression Tests › Dark Mode Visuals › should match dark mode landing page" classname="visual-regression.spec.ts" time="8.37">
<failure message="visual-regression.spec.ts:270:9 should match dark mode landing page" type="FAILURE">
<![CDATA[  [chromium] › visual-regression.spec.ts:270:9 › AXIS6 Visual Regression Tests › Dark Mode Visuals › should match dark mode landing page 

    Error: Landing page not loaded properly - no auth buttons visible

       at ../utils/page-objects.ts:84

      82 |     // At least some key elements should be visible
      83 |     if (!hasLoginButton && !hasRegisterButton) {
    > 84 |       throw new Error('Landing page not loaded properly - no auth buttons visible');
         |             ^
      85 |     }
      86 |   }
      87 |   
        at LandingPage.verifyLandingPageLoaded (/Users/nadalpiantini/Dev/axis6-mvp/axis6/tests/utils/page-objects.ts:84:13)
        at /Users/nadalpiantini/Dev/axis6-mvp/axis6/tests/e2e/visual-regression.spec.ts:275:7

    attachment #1: screenshot (image/png) ──────────────────────────────────────────────────────────
    ../../test-results/visual-regression-AXIS6-Vi-d0fdf-atch-dark-mode-landing-page-chromium/test-failed-1.png
    ────────────────────────────────────────────────────────────────────────────────────────────────

    attachment #2: video (video/webm) ──────────────────────────────────────────────────────────────
    ../../test-results/visual-regression-AXIS6-Vi-d0fdf-atch-dark-mode-landing-page-chromium/video.webm
    ────────────────────────────────────────────────────────────────────────────────────────────────

    Error Context: ../../test-results/visual-regression-AXIS6-Vi-d0fdf-atch-dark-mode-landing-page-chromium/error-context.md
]]>
</failure>
<system-out>
<![CDATA[
[[ATTACHMENT|test-results/visual-regression-AXIS6-Vi-d0fdf-atch-dark-mode-landing-page-chromium/test-failed-1.png]]

[[ATTACHMENT|test-results/visual-regression-AXIS6-Vi-d0fdf-atch-dark-mode-landing-page-chromium/video.webm]]

[[ATTACHMENT|test-results/visual-regression-AXIS6-Vi-d0fdf-atch-dark-mode-landing-page-chromium/error-context.md]]
]]>
</system-out>
</testcase>
<testcase name="AXIS6 Visual Regression Tests › Dark Mode Visuals › should match dark mode dashboard" classname="visual-regression.spec.ts" time="16.485">
<failure message="visual-regression.spec.ts:285:9 should match dark mode dashboard" type="FAILURE">
<![CDATA[  [chromium] › visual-regression.spec.ts:285:9 › AXIS6 Visual Regression Tests › Dark Mode Visuals › should match dark mode dashboard 

    TimeoutError: locator.fill: Timeout 10000ms exceeded.
    Call log:
      - waiting for locator('input[type="email"]')
        2 × waiting for" http://localhost:6789/auth/login" navigation to finish...
          - navigated to "http://localhost:6789/auth/login"
        - waiting for" http://localhost:6789/auth/login" navigation to finish...


       at ../utils/page-objects.ts:119

      117 |   
      118 |   async login(email: string, password: string) {
    > 119 |     await this.emailInput.fill(email);
          |                           ^
      120 |     await this.passwordInput.fill(password);
      121 |     await this.loginButton.click();
      122 |   }
        at LoginPage.login (/Users/nadalpiantini/Dev/axis6-mvp/axis6/tests/utils/page-objects.ts:119:27)
        at LoginPage.loginUser (/Users/nadalpiantini/Dev/axis6-mvp/axis6/tests/utils/page-objects.ts:129:16)
        at Object.authenticatedPage (/Users/nadalpiantini/Dev/axis6-mvp/axis6/tests/fixtures/auth-fixtures.ts:87:5)

    attachment #1: screenshot (image/png) ──────────────────────────────────────────────────────────
    ../../test-results/visual-regression-AXIS6-Vi-742e5-d-match-dark-mode-dashboard-chromium/test-failed-1.png
    ────────────────────────────────────────────────────────────────────────────────────────────────

    attachment #2: video (video/webm) ──────────────────────────────────────────────────────────────
    ../../test-results/visual-regression-AXIS6-Vi-742e5-d-match-dark-mode-dashboard-chromium/video.webm
    ────────────────────────────────────────────────────────────────────────────────────────────────
]]>
</failure>
<system-out>
<![CDATA[
[[ATTACHMENT|test-results/visual-regression-AXIS6-Vi-742e5-d-match-dark-mode-dashboard-chromium/test-failed-1.png]]

[[ATTACHMENT|test-results/visual-regression-AXIS6-Vi-742e5-d-match-dark-mode-dashboard-chromium/video.webm]]
]]>
</system-out>
</testcase>
<testcase name="AXIS6 Visual Regression Tests › Animation States › should match loading states" classname="visual-regression.spec.ts" time="13.992">
<failure message="visual-regression.spec.ts:299:9 should match loading states" type="FAILURE">
<![CDATA[  [chromium] › visual-regression.spec.ts:299:9 › AXIS6 Visual Regression Tests › Animation States › should match loading states 

    TimeoutError: locator.fill: Timeout 10000ms exceeded.
    Call log:
      - waiting for getByRole('textbox', { name: /email/i })
        2 × waiting for" http://localhost:6789/auth/login" navigation to finish...
          - navigated to "http://localhost:6789/auth/login"


      310 |       const loginButton = page.getByRole('button', { name: /sign in|login/i });
      311 |       
    > 312 |       await emailInput.fill(testUser.email);
          |                        ^
      313 |       await passwordInput.fill(testUser.password);
      314 |       await loginButton.click();
      315 |       
        at /Users/nadalpiantini/Dev/axis6-mvp/axis6/tests/e2e/visual-regression.spec.ts:312:24

    attachment #1: screenshot (image/png) ──────────────────────────────────────────────────────────
    ../../test-results/visual-regression-AXIS6-Vi-daf4a-should-match-loading-states-chromium/test-failed-1.png
    ────────────────────────────────────────────────────────────────────────────────────────────────

    attachment #2: video (video/webm) ──────────────────────────────────────────────────────────────
    ../../test-results/visual-regression-AXIS6-Vi-daf4a-should-match-loading-states-chromium/video.webm
    ────────────────────────────────────────────────────────────────────────────────────────────────
]]>
</failure>
<system-out>
<![CDATA[
[[ATTACHMENT|test-results/visual-regression-AXIS6-Vi-daf4a-should-match-loading-states-chromium/test-failed-1.png]]

[[ATTACHMENT|test-results/visual-regression-AXIS6-Vi-daf4a-should-match-loading-states-chromium/video.webm]]
]]>
</system-out>
</testcase>
<testcase name="AXIS6 Visual Regression Tests › Animation States › should match hexagon animation frames" classname="visual-regression.spec.ts" time="20.13">
<failure message="visual-regression.spec.ts:325:9 should match hexagon animation frames" type="FAILURE">
<![CDATA[  [chromium] › visual-regression.spec.ts:325:9 › AXIS6 Visual Regression Tests › Animation States › should match hexagon animation frames 

    TimeoutError: page.waitForLoadState: Timeout 15000ms exceeded.
    =========================== logs ===========================
      "commit" event fired
      "domcontentloaded" event fired
      "load" event fired
      "commit" event fired
      "domcontentloaded" event fired
      "load" event fired
      "commit" event fired
      "domcontentloaded" event fired
      "load" event fired
    ============================================================

       at ../utils/page-objects.ts:19

      17 |   async goto(path: string = '') {
      18 |     await this.page.goto(path);
    > 19 |     await this.page.waitForLoadState('networkidle');
         |                     ^
      20 |   }
      21 |   
      22 |   /**
        at LandingPage.goto (/Users/nadalpiantini/Dev/axis6-mvp/axis6/tests/utils/page-objects.ts:19:21)
        at /Users/nadalpiantini/Dev/axis6-mvp/axis6/tests/e2e/visual-regression.spec.ts:326:7

    attachment #1: screenshot (image/png) ──────────────────────────────────────────────────────────
    ../../test-results/visual-regression-AXIS6-Vi-f612f-ch-hexagon-animation-frames-chromium/test-failed-1.png
    ────────────────────────────────────────────────────────────────────────────────────────────────

    attachment #2: video (video/webm) ──────────────────────────────────────────────────────────────
    ../../test-results/visual-regression-AXIS6-Vi-f612f-ch-hexagon-animation-frames-chromium/video.webm
    ────────────────────────────────────────────────────────────────────────────────────────────────
]]>
</failure>
<system-out>
<![CDATA[
[[ATTACHMENT|test-results/visual-regression-AXIS6-Vi-f612f-ch-hexagon-animation-frames-chromium/test-failed-1.png]]

[[ATTACHMENT|test-results/visual-regression-AXIS6-Vi-f612f-ch-hexagon-animation-frames-chromium/video.webm]]
]]>
</system-out>
</testcase>
<testcase name="AXIS6 Visual Regression Tests › Cross-Browser Consistency › should look consistent across browsers" classname="visual-regression.spec.ts" time="19.329">
<failure message="visual-regression.spec.ts:347:9 should look consistent across browsers" type="FAILURE">
<![CDATA[  [chromium] › visual-regression.spec.ts:347:9 › AXIS6 Visual Regression Tests › Cross-Browser Consistency › should look consistent across browsers 

    TimeoutError: page.waitForLoadState: Timeout 15000ms exceeded.
    =========================== logs ===========================
      "commit" event fired
      "domcontentloaded" event fired
      "load" event fired
      "commit" event fired
      "domcontentloaded" event fired
      "load" event fired
      "commit" event fired
      "domcontentloaded" event fired
      "load" event fired
      "commit" event fired
    ============================================================

       at ../utils/page-objects.ts:19

      17 |   async goto(path: string = '') {
      18 |     await this.page.goto(path);
    > 19 |     await this.page.waitForLoadState('networkidle');
         |                     ^
      20 |   }
      21 |   
      22 |   /**
        at LandingPage.goto (/Users/nadalpiantini/Dev/axis6-mvp/axis6/tests/utils/page-objects.ts:19:21)
        at /Users/nadalpiantini/Dev/axis6-mvp/axis6/tests/e2e/visual-regression.spec.ts:348:7

    attachment #1: screenshot (image/png) ──────────────────────────────────────────────────────────
    ../../test-results/visual-regression-AXIS6-Vi-f7910--consistent-across-browsers-chromium/test-failed-1.png
    ────────────────────────────────────────────────────────────────────────────────────────────────

    attachment #2: video (video/webm) ──────────────────────────────────────────────────────────────
    ../../test-results/visual-regression-AXIS6-Vi-f7910--consistent-across-browsers-chromium/video.webm
    ────────────────────────────────────────────────────────────────────────────────────────────────

    Error Context: ../../test-results/visual-regression-AXIS6-Vi-f7910--consistent-across-browsers-chromium/error-context.md
]]>
</failure>
<system-out>
<![CDATA[
[[ATTACHMENT|test-results/visual-regression-AXIS6-Vi-f7910--consistent-across-browsers-chromium/test-failed-1.png]]

[[ATTACHMENT|test-results/visual-regression-AXIS6-Vi-f7910--consistent-across-browsers-chromium/video.webm]]

[[ATTACHMENT|test-results/visual-regression-AXIS6-Vi-f7910--consistent-across-browsers-chromium/error-context.md]]
]]>
</system-out>
</testcase>
<testcase name="AXIS6 Visual Regression Tests › Component Isolation › should match individual UI components" classname="visual-regression.spec.ts" time="17.912">
<failure message="visual-regression.spec.ts:363:9 should match individual UI components" type="FAILURE">
<![CDATA[  [chromium] › visual-regression.spec.ts:363:9 › AXIS6 Visual Regression Tests › Component Isolation › should match individual UI components 

    TimeoutError: page.waitForLoadState: Timeout 15000ms exceeded.
    =========================== logs ===========================
      "commit" event fired
      "domcontentloaded" event fired
      "load" event fired
      "commit" event fired
      "domcontentloaded" event fired
      "load" event fired
      "commit" event fired
      "domcontentloaded" event fired
      "load" event fired
      "commit" event fired
      "domcontentloaded" event fired
      "load" event fired
      "commit" event fired
      "domcontentloaded" event fired
      "load" event fired
      "commit" event fired
      "domcontentloaded" event fired
      "load" event fired
      "commit" event fired
    ============================================================

       at ../utils/page-objects.ts:19

      17 |   async goto(path: string = '') {
      18 |     await this.page.goto(path);
    > 19 |     await this.page.waitForLoadState('networkidle');
         |                     ^
      20 |   }
      21 |   
      22 |   /**
        at LoginPage.goto (/Users/nadalpiantini/Dev/axis6-mvp/axis6/tests/utils/page-objects.ts:19:21)
        at LoginPage.loginUser (/Users/nadalpiantini/Dev/axis6-mvp/axis6/tests/utils/page-objects.ts:127:7)
        at Object.authenticatedPage (/Users/nadalpiantini/Dev/axis6-mvp/axis6/tests/fixtures/auth-fixtures.ts:87:5)

    attachment #1: screenshot (image/png) ──────────────────────────────────────────────────────────
    ../../test-results/visual-regression-AXIS6-Vi-768df-ch-individual-UI-components-chromium/test-failed-1.png
    ────────────────────────────────────────────────────────────────────────────────────────────────

    attachment #2: video (video/webm) ──────────────────────────────────────────────────────────────
    ../../test-results/visual-regression-AXIS6-Vi-768df-ch-individual-UI-components-chromium/video.webm
    ────────────────────────────────────────────────────────────────────────────────────────────────

    Error Context: ../../test-results/visual-regression-AXIS6-Vi-768df-ch-individual-UI-components-chromium/error-context.md
]]>
</failure>
<system-out>
<![CDATA[
[[ATTACHMENT|test-results/visual-regression-AXIS6-Vi-768df-ch-individual-UI-components-chromium/test-failed-1.png]]

[[ATTACHMENT|test-results/visual-regression-AXIS6-Vi-768df-ch-individual-UI-components-chromium/video.webm]]

[[ATTACHMENT|test-results/visual-regression-AXIS6-Vi-768df-ch-individual-UI-components-chromium/error-context.md]]
]]>
</system-out>
</testcase>
<testcase name="AXIS6 Visual Regression Tests › Layout Edge Cases › should handle very long content" classname="visual-regression.spec.ts" time="14.497">
<failure message="visual-regression.spec.ts:385:9 should handle very long content" type="FAILURE">
<![CDATA[  [chromium] › visual-regression.spec.ts:385:9 › AXIS6 Visual Regression Tests › Layout Edge Cases › should handle very long content 

    TimeoutError: locator.fill: Timeout 10000ms exceeded.
    Call log:
      - waiting for locator('input[type="email"]')
        2 × waiting for" http://localhost:6789/auth/login" navigation to finish...
          - navigated to "http://localhost:6789/auth/login"


       at ../utils/page-objects.ts:119

      117 |   
      118 |   async login(email: string, password: string) {
    > 119 |     await this.emailInput.fill(email);
          |                           ^
      120 |     await this.passwordInput.fill(password);
      121 |     await this.loginButton.click();
      122 |   }
        at LoginPage.login (/Users/nadalpiantini/Dev/axis6-mvp/axis6/tests/utils/page-objects.ts:119:27)
        at LoginPage.loginUser (/Users/nadalpiantini/Dev/axis6-mvp/axis6/tests/utils/page-objects.ts:129:16)
        at Object.authenticatedPage (/Users/nadalpiantini/Dev/axis6-mvp/axis6/tests/fixtures/auth-fixtures.ts:87:5)

    attachment #1: screenshot (image/png) ──────────────────────────────────────────────────────────
    ../../test-results/visual-regression-AXIS6-Vi-d4b40-ld-handle-very-long-content-chromium/test-failed-1.png
    ────────────────────────────────────────────────────────────────────────────────────────────────

    attachment #2: video (video/webm) ──────────────────────────────────────────────────────────────
    ../../test-results/visual-regression-AXIS6-Vi-d4b40-ld-handle-very-long-content-chromium/video.webm
    ────────────────────────────────────────────────────────────────────────────────────────────────

    Error Context: ../../test-results/visual-regression-AXIS6-Vi-d4b40-ld-handle-very-long-content-chromium/error-context.md
]]>
</failure>
<system-out>
<![CDATA[
[[ATTACHMENT|test-results/visual-regression-AXIS6-Vi-d4b40-ld-handle-very-long-content-chromium/test-failed-1.png]]

[[ATTACHMENT|test-results/visual-regression-AXIS6-Vi-d4b40-ld-handle-very-long-content-chromium/video.webm]]

[[ATTACHMENT|test-results/visual-regression-AXIS6-Vi-d4b40-ld-handle-very-long-content-chromium/error-context.md]]
]]>
</system-out>
</testcase>
<testcase name="AXIS6 Visual Regression Tests › Layout Edge Cases › should handle empty states" classname="visual-regression.spec.ts" time="5.829">
<failure message="visual-regression.spec.ts:410:9 should handle empty states" type="FAILURE">
<![CDATA[  [chromium] › visual-regression.spec.ts:410:9 › AXIS6 Visual Regression Tests › Layout Edge Cases › should handle empty states 

    Error: A snapshot doesn't exist at /Users/nadalpiantini/Dev/axis6-mvp/axis6/tests/e2e/visual-regression.spec.ts-snapshots/dashboard-empty-state-chromium-darwin.png, writing actual.

      421 |       await page.waitForLoadState('networkidle');
      422 |       
    > 423 |       await expect(page).toHaveScreenshot('dashboard-empty-state.png', {
          |       ^
      424 |         fullPage: true,
      425 |         animations: 'disabled'
      426 |       });
        at /Users/nadalpiantini/Dev/axis6-mvp/axis6/tests/e2e/visual-regression.spec.ts:423:7

    attachment #1: dashboard-empty-state (image/png) ───────────────────────────────────────────────
    Expected: visual-regression.spec.ts-snapshots/dashboard-empty-state-chromium-darwin.png
    Received: ../../test-results/visual-regression-AXIS6-Vi-e0846--should-handle-empty-states-chromium/dashboard-empty-state-actual.png
    ────────────────────────────────────────────────────────────────────────────────────────────────

    attachment #2: screenshot (image/png) ──────────────────────────────────────────────────────────
    ../../test-results/visual-regression-AXIS6-Vi-e0846--should-handle-empty-states-chromium/test-failed-1.png
    ────────────────────────────────────────────────────────────────────────────────────────────────

    attachment #3: video (video/webm) ──────────────────────────────────────────────────────────────
    ../../test-results/visual-regression-AXIS6-Vi-e0846--should-handle-empty-states-chromium/video.webm
    ────────────────────────────────────────────────────────────────────────────────────────────────

    Error Context: ../../test-results/visual-regression-AXIS6-Vi-e0846--should-handle-empty-states-chromium/error-context.md
]]>
</failure>
<system-out>
<![CDATA[
[[ATTACHMENT|tests/e2e/visual-regression.spec.ts-snapshots/dashboard-empty-state-chromium-darwin.png]]

[[ATTACHMENT|test-results/visual-regression-AXIS6-Vi-e0846--should-handle-empty-states-chromium/dashboard-empty-state-actual.png]]

[[ATTACHMENT|test-results/visual-regression-AXIS6-Vi-e0846--should-handle-empty-states-chromium/test-failed-1.png]]

[[ATTACHMENT|test-results/visual-regression-AXIS6-Vi-e0846--should-handle-empty-states-chromium/video.webm]]

[[ATTACHMENT|test-results/visual-regression-AXIS6-Vi-e0846--should-handle-empty-states-chromium/error-context.md]]
]]>
</system-out>
</testcase>
</testsuite>
</testsuites>