<testsuites id="" name="" tests="18" failures="9" skipped="0" errors="0" time="50.845323">
<testsuite name="auth.spec.ts" timestamp="2025-08-30T01:22:52.678Z" hostname="chromium" tests="18" failures="9" skipped="0" time="200.408" errors="0">
<testcase name="AXIS6 Authentication Flow › Landing Page › should load landing page correctly" classname="auth.spec.ts" time="16.438">
</testcase>
<testcase name="AXIS6 Authentication Flow › Landing Page › should navigate to login page" classname="auth.spec.ts" time="17.129">
</testcase>
<testcase name="AXIS6 Authentication Flow › Landing Page › should navigate to register page" classname="auth.spec.ts" time="16.748">
</testcase>
<testcase name="AXIS6 Authentication Flow › User Registration › should register new user successfully" classname="auth.spec.ts" time="26.072">
<failure message="auth.spec.ts:38:9 should register new user successfully" type="FAILURE">
<![CDATA[  [chromium] › auth.spec.ts:38:9 › AXIS6 Authentication Flow › User Registration › should register new user successfully 

    TimeoutError: locator.click: Timeout 10000ms exceeded.
    Call log:
      - waiting for getByRole('button', { name: /create.*account|sign up|register/i })
        - locator resolved to <button disabled type="submit" data-testid="register-submit" class="w-full py-3 bg-gradient-to-r from-purple-500 to-pink-500 rounded-xl font-semibold text-white hover:shadow-lg hover:shadow-purple-500/50 transition-all duration-300 flex items-center justify-center gap-2 disabled:opacity-50 disabled:cursor-not-allowed">…</button>
      - attempting click action
        2 × waiting for element to be visible, enabled and stable
          - element is not enabled
        - retrying click action
        - waiting 20ms
        2 × waiting for element to be visible, enabled and stable
          - element is not enabled
        - retrying click action
          - waiting 100ms
        19 × waiting for element to be visible, enabled and stable
           - element is not enabled
         - retrying click action
           - waiting 500ms


       at ../utils/page-objects.ts:223

      221 |       await this.page.locator('input[type="password"]').nth(1).fill(password);
      222 |     }
    > 223 |     await this.registerButton.click();
          |                               ^
      224 |   }
      225 |
      226 |   async verifyRegisterForm() {
        at RegisterPage.register (/Users/nadalpiantini/Dev/axis6-mvp/axis6/tests/utils/page-objects.ts:223:31)
        at /Users/nadalpiantini/Dev/axis6-mvp/axis6/tests/e2e/auth.spec.ts:43:7

    attachment #1: screenshot (image/png) ──────────────────────────────────────────────────────────
    ../../test-results/auth-AXIS6-Authentication--52325-ister-new-user-successfully-chromium/test-failed-1.png
    ────────────────────────────────────────────────────────────────────────────────────────────────

    attachment #2: video (video/webm) ──────────────────────────────────────────────────────────────
    ../../test-results/auth-AXIS6-Authentication--52325-ister-new-user-successfully-chromium/video.webm
    ────────────────────────────────────────────────────────────────────────────────────────────────

    Error Context: ../../test-results/auth-AXIS6-Authentication--52325-ister-new-user-successfully-chromium/error-context.md
]]>
</failure>
<system-out>
<![CDATA[
[[ATTACHMENT|test-results/auth-AXIS6-Authentication--52325-ister-new-user-successfully-chromium/test-failed-1.png]]

[[ATTACHMENT|test-results/auth-AXIS6-Authentication--52325-ister-new-user-successfully-chromium/video.webm]]

[[ATTACHMENT|test-results/auth-AXIS6-Authentication--52325-ister-new-user-successfully-chromium/error-context.md]]
]]>
</system-out>
</testcase>
<testcase name="AXIS6 Authentication Flow › User Registration › should show validation errors for invalid data" classname="auth.spec.ts" time="25.797">
<failure message="auth.spec.ts:58:9 should show validation errors for invalid data" type="FAILURE">
<![CDATA[  [chromium] › auth.spec.ts:58:9 › AXIS6 Authentication Flow › User Registration › should show validation errors for invalid data 

    TimeoutError: locator.click: Timeout 10000ms exceeded.
    Call log:
      - waiting for getByRole('button', { name: /create.*account|sign up|register/i })
        - locator resolved to <button disabled type="submit" data-testid="register-submit" class="w-full py-3 bg-gradient-to-r from-purple-500 to-pink-500 rounded-xl font-semibold text-white hover:shadow-lg hover:shadow-purple-500/50 transition-all duration-300 flex items-center justify-center gap-2 disabled:opacity-50 disabled:cursor-not-allowed">…</button>
      - attempting click action
        2 × waiting for element to be visible, enabled and stable
          - element is not enabled
        - retrying click action
        - waiting 20ms
        2 × waiting for element to be visible, enabled and stable
          - element is not enabled
        - retrying click action
          - waiting 100ms
        19 × waiting for element to be visible, enabled and stable
           - element is not enabled
         - retrying click action
           - waiting 500ms


       at ../utils/page-objects.ts:223

      221 |       await this.page.locator('input[type="password"]').nth(1).fill(password);
      222 |     }
    > 223 |     await this.registerButton.click();
          |                               ^
      224 |   }
      225 |
      226 |   async verifyRegisterForm() {
        at RegisterPage.register (/Users/nadalpiantini/Dev/axis6-mvp/axis6/tests/utils/page-objects.ts:223:31)
        at /Users/nadalpiantini/Dev/axis6-mvp/axis6/tests/e2e/auth.spec.ts:62:7

    attachment #1: screenshot (image/png) ──────────────────────────────────────────────────────────
    ../../test-results/auth-AXIS6-Authentication--8b4e0-ion-errors-for-invalid-data-chromium/test-failed-1.png
    ────────────────────────────────────────────────────────────────────────────────────────────────

    attachment #2: video (video/webm) ──────────────────────────────────────────────────────────────
    ../../test-results/auth-AXIS6-Authentication--8b4e0-ion-errors-for-invalid-data-chromium/video.webm
    ────────────────────────────────────────────────────────────────────────────────────────────────

    Error Context: ../../test-results/auth-AXIS6-Authentication--8b4e0-ion-errors-for-invalid-data-chromium/error-context.md
]]>
</failure>
<system-out>
<![CDATA[
[[ATTACHMENT|test-results/auth-AXIS6-Authentication--8b4e0-ion-errors-for-invalid-data-chromium/test-failed-1.png]]

[[ATTACHMENT|test-results/auth-AXIS6-Authentication--8b4e0-ion-errors-for-invalid-data-chromium/video.webm]]

[[ATTACHMENT|test-results/auth-AXIS6-Authentication--8b4e0-ion-errors-for-invalid-data-chromium/error-context.md]]
]]>
</system-out>
</testcase>
<testcase name="AXIS6 Authentication Flow › User Registration › should prevent registration with existing email" classname="auth.spec.ts" time="12.546">
<failure message="auth.spec.ts:68:9 should prevent registration with existing email" type="FAILURE">
<![CDATA[  [chromium] › auth.spec.ts:68:9 › AXIS6 Authentication Flow › User Registration › should prevent registration with existing email 

    TimeoutError: locator.click: Timeout 10000ms exceeded.
    Call log:
      - waiting for getByRole('button', { name: /create.*account|sign up|register/i })
        - locator resolved to <button disabled type="submit" data-testid="register-submit" class="w-full py-3 bg-gradient-to-r from-purple-500 to-pink-500 rounded-xl font-semibold text-white hover:shadow-lg hover:shadow-purple-500/50 transition-all duration-300 flex items-center justify-center gap-2 disabled:opacity-50 disabled:cursor-not-allowed">…</button>
      - attempting click action
        2 × waiting for element to be visible, enabled and stable
          - element is not enabled
        - retrying click action
        - waiting 20ms
        2 × waiting for element to be visible, enabled and stable
          - element is not enabled
        - retrying click action
          - waiting 100ms
        19 × waiting for element to be visible, enabled and stable
           - element is not enabled
         - retrying click action
           - waiting 500ms


       at ../utils/page-objects.ts:223

      221 |       await this.page.locator('input[type="password"]').nth(1).fill(password);
      222 |     }
    > 223 |     await this.registerButton.click();
          |                               ^
      224 |   }
      225 |
      226 |   async verifyRegisterForm() {
        at RegisterPage.register (/Users/nadalpiantini/Dev/axis6-mvp/axis6/tests/utils/page-objects.ts:223:31)
        at /Users/nadalpiantini/Dev/axis6-mvp/axis6/tests/e2e/auth.spec.ts:72:7

    attachment #1: screenshot (image/png) ──────────────────────────────────────────────────────────
    ../../test-results/auth-AXIS6-Authentication--75e74-tration-with-existing-email-chromium/test-failed-1.png
    ────────────────────────────────────────────────────────────────────────────────────────────────

    attachment #2: video (video/webm) ──────────────────────────────────────────────────────────────
    ../../test-results/auth-AXIS6-Authentication--75e74-tration-with-existing-email-chromium/video.webm
    ────────────────────────────────────────────────────────────────────────────────────────────────

    Error Context: ../../test-results/auth-AXIS6-Authentication--75e74-tration-with-existing-email-chromium/error-context.md
]]>
</failure>
<system-out>
<![CDATA[
[[ATTACHMENT|test-results/auth-AXIS6-Authentication--75e74-tration-with-existing-email-chromium/test-failed-1.png]]

[[ATTACHMENT|test-results/auth-AXIS6-Authentication--75e74-tration-with-existing-email-chromium/video.webm]]

[[ATTACHMENT|test-results/auth-AXIS6-Authentication--75e74-tration-with-existing-email-chromium/error-context.md]]
]]>
</system-out>
</testcase>
<testcase name="AXIS6 Authentication Flow › User Login › should login existing user successfully" classname="auth.spec.ts" time="12.322">
<failure message="auth.spec.ts:85:9 should login existing user successfully" type="FAILURE">
<![CDATA[  [chromium] › auth.spec.ts:85:9 › AXIS6 Authentication Flow › User Login › should login existing user successfully 

    TimeoutError: locator.click: Timeout 10000ms exceeded.
    Call log:
      - waiting for getByRole('button', { name: /create.*account|sign up|register/i })
        - locator resolved to <button disabled type="submit" data-testid="register-submit" class="w-full py-3 bg-gradient-to-r from-purple-500 to-pink-500 rounded-xl font-semibold text-white hover:shadow-lg hover:shadow-purple-500/50 transition-all duration-300 flex items-center justify-center gap-2 disabled:opacity-50 disabled:cursor-not-allowed">…</button>
      - attempting click action
        2 × waiting for element to be visible, enabled and stable
          - element is not enabled
        - retrying click action
        - waiting 20ms
        2 × waiting for element to be visible, enabled and stable
          - element is not enabled
        - retrying click action
          - waiting 100ms
        19 × waiting for element to be visible, enabled and stable
           - element is not enabled
         - retrying click action
           - waiting 500ms


       at ../utils/page-objects.ts:223

      221 |       await this.page.locator('input[type="password"]').nth(1).fill(password);
      222 |     }
    > 223 |     await this.registerButton.click();
          |                               ^
      224 |   }
      225 |
      226 |   async verifyRegisterForm() {
        at RegisterPage.register (/Users/nadalpiantini/Dev/axis6-mvp/axis6/tests/utils/page-objects.ts:223:31)
        at /Users/nadalpiantini/Dev/axis6-mvp/axis6/tests/e2e/auth.spec.ts:88:7

    attachment #1: screenshot (image/png) ──────────────────────────────────────────────────────────
    ../../test-results/auth-AXIS6-Authentication--70f1d--existing-user-successfully-chromium/test-failed-1.png
    ────────────────────────────────────────────────────────────────────────────────────────────────

    attachment #2: video (video/webm) ──────────────────────────────────────────────────────────────
    ../../test-results/auth-AXIS6-Authentication--70f1d--existing-user-successfully-chromium/video.webm
    ────────────────────────────────────────────────────────────────────────────────────────────────

    Error Context: ../../test-results/auth-AXIS6-Authentication--70f1d--existing-user-successfully-chromium/error-context.md
]]>
</failure>
<system-out>
<![CDATA[
[[ATTACHMENT|test-results/auth-AXIS6-Authentication--70f1d--existing-user-successfully-chromium/test-failed-1.png]]

[[ATTACHMENT|test-results/auth-AXIS6-Authentication--70f1d--existing-user-successfully-chromium/video.webm]]

[[ATTACHMENT|test-results/auth-AXIS6-Authentication--70f1d--existing-user-successfully-chromium/error-context.md]]
]]>
</system-out>
</testcase>
<testcase name="AXIS6 Authentication Flow › User Login › should show error for invalid credentials" classname="auth.spec.ts" time="3.91">
</testcase>
<testcase name="AXIS6 Authentication Flow › User Login › should show error for non-existent user" classname="auth.spec.ts" time="1.754">
</testcase>
<testcase name="AXIS6 Authentication Flow › User Login › should handle empty form submission" classname="auth.spec.ts" time="1.532">
</testcase>
<testcase name="AXIS6 Authentication Flow › Password Reset Flow › should navigate to forgot password page" classname="auth.spec.ts" time="2.673">
</testcase>
<testcase name="AXIS6 Authentication Flow › Password Reset Flow › should handle password reset request" classname="auth.spec.ts" time="14.383">
<failure message="auth.spec.ts:159:9 should handle password reset request" type="FAILURE">
<![CDATA[  [chromium] › auth.spec.ts:159:9 › AXIS6 Authentication Flow › Password Reset Flow › should handle password reset request 

    TimeoutError: locator.click: Timeout 10000ms exceeded.
    Call log:
      - waiting for getByRole('button', { name: /create.*account|sign up|register/i })
        - locator resolved to <button disabled type="submit" data-testid="register-submit" class="w-full py-3 bg-gradient-to-r from-purple-500 to-pink-500 rounded-xl font-semibold text-white hover:shadow-lg hover:shadow-purple-500/50 transition-all duration-300 flex items-center justify-center gap-2 disabled:opacity-50 disabled:cursor-not-allowed">…</button>
      - attempting click action
        2 × waiting for element to be visible, enabled and stable
          - element is not enabled
        - retrying click action
        - waiting 20ms
        2 × waiting for element to be visible, enabled and stable
          - element is not enabled
        - retrying click action
          - waiting 100ms
        19 × waiting for element to be visible, enabled and stable
           - element is not enabled
         - retrying click action
           - waiting 500ms


       at ../utils/page-objects.ts:223

      221 |       await this.page.locator('input[type="password"]').nth(1).fill(password);
      222 |     }
    > 223 |     await this.registerButton.click();
          |                               ^
      224 |   }
      225 |
      226 |   async verifyRegisterForm() {
        at RegisterPage.register (/Users/nadalpiantini/Dev/axis6-mvp/axis6/tests/utils/page-objects.ts:223:31)
        at /Users/nadalpiantini/Dev/axis6-mvp/axis6/tests/e2e/auth.spec.ts:162:7

    attachment #1: screenshot (image/png) ──────────────────────────────────────────────────────────
    ../../test-results/auth-AXIS6-Authentication--d741b-ndle-password-reset-request-chromium/test-failed-1.png
    ────────────────────────────────────────────────────────────────────────────────────────────────

    attachment #2: video (video/webm) ──────────────────────────────────────────────────────────────
    ../../test-results/auth-AXIS6-Authentication--d741b-ndle-password-reset-request-chromium/video.webm
    ────────────────────────────────────────────────────────────────────────────────────────────────

    Error Context: ../../test-results/auth-AXIS6-Authentication--d741b-ndle-password-reset-request-chromium/error-context.md
]]>
</failure>
<system-out>
<![CDATA[
[[ATTACHMENT|test-results/auth-AXIS6-Authentication--d741b-ndle-password-reset-request-chromium/test-failed-1.png]]

[[ATTACHMENT|test-results/auth-AXIS6-Authentication--d741b-ndle-password-reset-request-chromium/video.webm]]

[[ATTACHMENT|test-results/auth-AXIS6-Authentication--d741b-ndle-password-reset-request-chromium/error-context.md]]
]]>
</system-out>
</testcase>
<testcase name="AXIS6 Authentication Flow › Navigation and Session Management › should redirect unauthenticated users to login" classname="auth.spec.ts" time="3.041">
</testcase>
<testcase name="AXIS6 Authentication Flow › Navigation and Session Management › should maintain session across page refreshes" classname="auth.spec.ts" time="15.923">
<failure message="auth.spec.ts:196:9 should maintain session across page refreshes" type="FAILURE">
<![CDATA[  [chromium] › auth.spec.ts:196:9 › AXIS6 Authentication Flow › Navigation and Session Management › should maintain session across page refreshes 

    TimeoutError: page.waitForURL: Timeout 10000ms exceeded.
    =========================== logs ===========================
    waiting for navigation until "load"
      navigated to "http://localhost:3000/auth/register"
    ============================================================

       at ../utils/page-objects.ts:182

      180 |
      181 |     // Wait for registration to complete (might redirect to login or dashboard)
    > 182 |     await this.page.waitForURL(/\/(dashboard|auth\/login)/, { timeout: 10000 });
          |                     ^
      183 |   }
      184 |
      185 |   async verifyLoginForm() {
        at LoginPage.registerUser (/Users/nadalpiantini/Dev/axis6-mvp/axis6/tests/utils/page-objects.ts:182:21)
        at /Users/nadalpiantini/Dev/axis6-mvp/axis6/tests/e2e/auth.spec.ts:199:7

    attachment #1: screenshot (image/png) ──────────────────────────────────────────────────────────
    ../../test-results/auth-AXIS6-Authentication--83e13-ssion-across-page-refreshes-chromium/test-failed-1.png
    ────────────────────────────────────────────────────────────────────────────────────────────────

    attachment #2: video (video/webm) ──────────────────────────────────────────────────────────────
    ../../test-results/auth-AXIS6-Authentication--83e13-ssion-across-page-refreshes-chromium/video.webm
    ────────────────────────────────────────────────────────────────────────────────────────────────

    Error Context: ../../test-results/auth-AXIS6-Authentication--83e13-ssion-across-page-refreshes-chromium/error-context.md
]]>
</failure>
<system-out>
<![CDATA[
[[ATTACHMENT|test-results/auth-AXIS6-Authentication--83e13-ssion-across-page-refreshes-chromium/test-failed-1.png]]

[[ATTACHMENT|test-results/auth-AXIS6-Authentication--83e13-ssion-across-page-refreshes-chromium/video.webm]]

[[ATTACHMENT|test-results/auth-AXIS6-Authentication--83e13-ssion-across-page-refreshes-chromium/error-context.md]]
]]>
</system-out>
</testcase>
<testcase name="AXIS6 Authentication Flow › Navigation and Session Management › should logout user successfully" classname="auth.spec.ts" time="14.335">
<failure message="auth.spec.ts:213:9 should logout user successfully" type="FAILURE">
<![CDATA[  [chromium] › auth.spec.ts:213:9 › AXIS6 Authentication Flow › Navigation and Session Management › should logout user successfully 

    TimeoutError: page.waitForURL: Timeout 10000ms exceeded.
    =========================== logs ===========================
    waiting for navigation until "load"
      navigated to "http://localhost:3000/auth/register"
    ============================================================

       at ../utils/page-objects.ts:182

      180 |
      181 |     // Wait for registration to complete (might redirect to login or dashboard)
    > 182 |     await this.page.waitForURL(/\/(dashboard|auth\/login)/, { timeout: 10000 });
          |                     ^
      183 |   }
      184 |
      185 |   async verifyLoginForm() {
        at LoginPage.registerUser (/Users/nadalpiantini/Dev/axis6-mvp/axis6/tests/utils/page-objects.ts:182:21)
        at /Users/nadalpiantini/Dev/axis6-mvp/axis6/tests/e2e/auth.spec.ts:216:7

    attachment #1: screenshot (image/png) ──────────────────────────────────────────────────────────
    ../../test-results/auth-AXIS6-Authentication--3418d-ld-logout-user-successfully-chromium/test-failed-1.png
    ────────────────────────────────────────────────────────────────────────────────────────────────

    attachment #2: video (video/webm) ──────────────────────────────────────────────────────────────
    ../../test-results/auth-AXIS6-Authentication--3418d-ld-logout-user-successfully-chromium/video.webm
    ────────────────────────────────────────────────────────────────────────────────────────────────

    Error Context: ../../test-results/auth-AXIS6-Authentication--3418d-ld-logout-user-successfully-chromium/error-context.md
]]>
</failure>
<system-out>
<![CDATA[
[[ATTACHMENT|test-results/auth-AXIS6-Authentication--3418d-ld-logout-user-successfully-chromium/test-failed-1.png]]

[[ATTACHMENT|test-results/auth-AXIS6-Authentication--3418d-ld-logout-user-successfully-chromium/video.webm]]

[[ATTACHMENT|test-results/auth-AXIS6-Authentication--3418d-ld-logout-user-successfully-chromium/error-context.md]]
]]>
</system-out>
</testcase>
<testcase name="AXIS6 Authentication Flow › Form Validation and UX › should show real-time validation feedback" classname="auth.spec.ts" time="2.184">
</testcase>
<testcase name="AXIS6 Authentication Flow › Form Validation and UX › should handle form accessibility" classname="auth.spec.ts" time="1.906">
<failure message="auth.spec.ts:249:9 should handle form accessibility" type="FAILURE">
<![CDATA[  [chromium] › auth.spec.ts:249:9 › AXIS6 Authentication Flow › Form Validation and UX › should handle form accessibility 

    TypeError: testUtils.checkAccessibility is not a function

      251 |
      252 |       // Check accessibility
    > 253 |       const a11yIssues = await testUtils.checkAccessibility(loginPage.page);
          |                                          ^
      254 |
      255 |       // Should have proper labels
      256 |       const emailLabel = await loginPage.emailInput.getAttribute('aria-label') ||
        at /Users/nadalpiantini/Dev/axis6-mvp/axis6/tests/e2e/auth.spec.ts:253:42

    attachment #1: screenshot (image/png) ──────────────────────────────────────────────────────────
    ../../test-results/auth-AXIS6-Authentication--c4343-d-handle-form-accessibility-chromium/test-failed-1.png
    ────────────────────────────────────────────────────────────────────────────────────────────────

    attachment #2: video (video/webm) ──────────────────────────────────────────────────────────────
    ../../test-results/auth-AXIS6-Authentication--c4343-d-handle-form-accessibility-chromium/video.webm
    ────────────────────────────────────────────────────────────────────────────────────────────────

    Error Context: ../../test-results/auth-AXIS6-Authentication--c4343-d-handle-form-accessibility-chromium/error-context.md
]]>
</failure>
<system-out>
<![CDATA[
[[ATTACHMENT|test-results/auth-AXIS6-Authentication--c4343-d-handle-form-accessibility-chromium/test-failed-1.png]]

[[ATTACHMENT|test-results/auth-AXIS6-Authentication--c4343-d-handle-form-accessibility-chromium/video.webm]]

[[ATTACHMENT|test-results/auth-AXIS6-Authentication--c4343-d-handle-form-accessibility-chromium/error-context.md]]
]]>
</system-out>
</testcase>
<testcase name="AXIS6 Authentication Flow › Form Validation and UX › should support keyboard navigation" classname="auth.spec.ts" time="11.715">
<failure message="auth.spec.ts:265:9 should support keyboard navigation" type="FAILURE">
<![CDATA[  [chromium] › auth.spec.ts:265:9 › AXIS6 Authentication Flow › Form Validation and UX › should support keyboard navigation 

    Error: expect(locator).toBeFocused() failed

    Locator:  getByRole('button', { name: /sign in|login|welcome back/i })
    Expected: focused
    Received: inactive
    Timeout:  10000ms

    Call log:
      - Expect "toBeFocused" with timeout 10000ms
      - waiting for getByRole('button', { name: /sign in|login|welcome back/i })
        14 × locator resolved to <button type="submit" data-testid="login-submit" class="w-full py-3 bg-gradient-to-r from-purple-500 to-pink-500 rounded-xl font-semibold text-white hover:shadow-lg hover:shadow-purple-500/50 transition-all duration-300 flex items-center justify-center gap-2">…</button>
           - unexpected value "inactive"


      274 |
      275 |       await loginPage.page.keyboard.press('Tab');
    > 276 |       await expect(loginPage.loginButton).toBeFocused();
          |                                           ^
      277 |     });
      278 |   });
      279 | });
        at /Users/nadalpiantini/Dev/axis6-mvp/axis6/tests/e2e/auth.spec.ts:276:43

    attachment #1: screenshot (image/png) ──────────────────────────────────────────────────────────
    ../../test-results/auth-AXIS6-Authentication--dbd47-support-keyboard-navigation-chromium/test-failed-1.png
    ────────────────────────────────────────────────────────────────────────────────────────────────

    attachment #2: video (video/webm) ──────────────────────────────────────────────────────────────
    ../../test-results/auth-AXIS6-Authentication--dbd47-support-keyboard-navigation-chromium/video.webm
    ────────────────────────────────────────────────────────────────────────────────────────────────

    Error Context: ../../test-results/auth-AXIS6-Authentication--dbd47-support-keyboard-navigation-chromium/error-context.md
]]>
</failure>
<system-out>
<![CDATA[
[[ATTACHMENT|test-results/auth-AXIS6-Authentication--dbd47-support-keyboard-navigation-chromium/test-failed-1.png]]

[[ATTACHMENT|test-results/auth-AXIS6-Authentication--dbd47-support-keyboard-navigation-chromium/video.webm]]

[[ATTACHMENT|test-results/auth-AXIS6-Authentication--dbd47-support-keyboard-navigation-chromium/error-context.md]]
]]>
</system-out>
</testcase>
</testsuite>
</testsuites>