<testsuites id="" name="" tests="1" failures="1" skipped="0" errors="0" time="23.076390000000004">
<testsuite name="user-journey.spec.ts" timestamp="2025-08-24T20:04:22.817Z" hostname="chromium" tests="1" failures="1" skipped="0" time="19.78" errors="0">
<testcase name="AXIS6 Complete User Journey › End-to-End User Journey › complete new user flow: register → onboard → first check-in → streak" classname="user-journey.spec.ts" time="19.78">
<failure message="user-journey.spec.ts:6:9 complete new user flow: register → onboard → first check-in → streak" type="FAILURE">
<![CDATA[  [chromium] › user-journey.spec.ts:6:9 › AXIS6 Complete User Journey › End-to-End User Journey › complete new user flow: register → onboard → first check-in → streak 

    TimeoutError: page.waitForURL: Timeout 15000ms exceeded.
    =========================== logs ===========================
    waiting for navigation until "load"
    ============================================================

      26 |       
      27 |       // Step 3: Handle onboarding (if exists)
    > 28 |       await registerPage.page.waitForURL(/\/(dashboard|auth\/onboarding)/, { timeout: 15000 });
         |                               ^
      29 |       
      30 |       if (registerPage.page.url().includes('onboarding')) {
      31 |         // Navigate directly to dashboard to skip onboarding
        at /Users/nadalpiantini/Dev/axis6-mvp/axis6/tests/e2e/user-journey.spec.ts:28:31

    attachment #1: screenshot (image/png) ──────────────────────────────────────────────────────────
    ../../test-results/user-journey-AXIS6-Complet-46082-d-→-first-check-in-→-streak-chromium/test-failed-1.png
    ────────────────────────────────────────────────────────────────────────────────────────────────

    attachment #2: video (video/webm) ──────────────────────────────────────────────────────────────
    ../../test-results/user-journey-AXIS6-Complet-46082-d-→-first-check-in-→-streak-chromium/video.webm
    ────────────────────────────────────────────────────────────────────────────────────────────────

    Error Context: ../../test-results/user-journey-AXIS6-Complet-46082-d-→-first-check-in-→-streak-chromium/error-context.md
]]>
</failure>
<system-out>
<![CDATA[
[[ATTACHMENT|test-results/user-journey-AXIS6-Complet-46082-d-→-first-check-in-→-streak-chromium/test-failed-1.png]]

[[ATTACHMENT|test-results/user-journey-AXIS6-Complet-46082-d-→-first-check-in-→-streak-chromium/video.webm]]

[[ATTACHMENT|test-results/user-journey-AXIS6-Complet-46082-d-→-first-check-in-→-streak-chromium/error-context.md]]
]]>
</system-out>
</testcase>
</testsuite>
</testsuites>