<testsuites id="" name="" tests="12" failures="3" skipped="0" errors="0" time="42.019966000000004">
<testsuite name="comprehensive-production-surfing.spec.ts" timestamp="2025-09-26T12:03:10.224Z" hostname="chromium" tests="12" failures="3" skipped="0" time="69.593" errors="0">
<testcase name="🚀 AXIS6 MVP - Complete Production Surfing Audit › 🏠 FASE 1.1 - Landing Page Navigation &amp; Visual Consistency" classname="comprehensive-production-surfing.spec.ts" time="5.291">
<system-out>
<![CDATA[🔍 Surfeando Landing Page...
✅ Found 1 sign-in buttons, 1 register buttons
✅ Found 1 hexagon elements
]]>
</system-out>
</testcase>
<testcase name="🚀 AXIS6 MVP - Complete Production Surfing Audit › 🏠 FASE 1.2 - Landing Page Interactions &amp; Links" classname="comprehensive-production-surfing.spec.ts" time="3.206">
<failure message="comprehensive-production-surfing.spec.ts:96:3 🏠 FASE 1.2 - Landing Page Interactions &amp; Links" type="FAILURE">
<![CDATA[  [chromium] › comprehensive-production-surfing.spec.ts:96:3 › 🚀 AXIS6 MVP - Complete Production Surfing Audit › 🏠 FASE 1.2 - Landing Page Interactions & Links 

    Error: expect(received).toContain(expected) // indexOf

    Expected substring: "/auth"
    Received string:    "http://localhost:3000/"

      124 |     
      125 |     // Verificar que navegamos correctamente
    > 126 |     expect(page.url()).toContain('/auth');
          |                        ^
      127 |   });
      128 |
      129 |   // ===================================
        at /Users/nadalpiantini/Dev/axis6-mvp/axis6/tests/e2e/comprehensive-production-surfing.spec.ts:126:24

    attachment #1: screenshot (image/png) ──────────────────────────────────────────────────────────
    ../../test-results/comprehensive-production-s-30dba-ing-Page-Interactions-Links-chromium/test-failed-1.png
    ────────────────────────────────────────────────────────────────────────────────────────────────

    Error Context: ../../test-results/comprehensive-production-s-30dba-ing-Page-Interactions-Links-chromium/error-context.md
]]>
</failure>
<system-out>
<![CDATA[🔗 Testing 3 links...
✅ Login Link found and clickable
✅ Register Link found and clickable

[[ATTACHMENT|test-results/comprehensive-production-s-30dba-ing-Page-Interactions-Links-chromium/test-failed-1.png]]

[[ATTACHMENT|test-results/comprehensive-production-s-30dba-ing-Page-Interactions-Links-chromium/error-context.md]]
]]>
</system-out>
</testcase>
<testcase name="🚀 AXIS6 MVP - Complete Production Surfing Audit › 🔐 FASE 2.1 - Login Page Complete Surfing" classname="comprehensive-production-surfing.spec.ts" time="2.309">
<system-out>
<![CDATA[🔍 Surfeando Login Page...
✅ Forgot password link found
✅ Register link found
]]>
</system-out>
</testcase>
<testcase name="🚀 AXIS6 MVP - Complete Production Surfing Audit › 🔐 FASE 2.2 - Register Page Complete Surfing" classname="comprehensive-production-surfing.spec.ts" time="5.111">
<system-out>
<![CDATA[🔍 Surfeando Register Page...
✅ Registration form fields present
]]>
</system-out>
</testcase>
<testcase name="🚀 AXIS6 MVP - Complete Production Surfing Audit › 🎯 FASE 3.1 - Dashboard Complete Surfing (Mock Auth)" classname="comprehensive-production-surfing.spec.ts" time="2.479">
<system-out>
<![CDATA[🔍 Surfeando Dashboard (attempting access)...
✅ Middleware redirect working - user redirected to auth
]]>
</system-out>
</testcase>
<testcase name="🚀 AXIS6 MVP - Complete Production Surfing Audit › ⚙️ FASE 3.2 - Settings Pages Surfing" classname="comprehensive-production-surfing.spec.ts" time="16.065">
<system-out>
<![CDATA[🔍 Surfeando Settings Pages...
Testing /settings...
✅ /settings - Auth protection working
Testing /settings/account...
✅ /settings/account - Auth protection working
Testing /settings/privacy...
✅ /settings/privacy - Auth protection working
Testing /settings/security...
✅ /settings/security - Auth protection working
Testing /settings/notifications...
✅ /settings/notifications - Auth protection working
Testing /settings/focus...
✅ /settings/focus - Auth protection working
Testing /settings/axis-customization...
✅ /settings/axis-customization - Auth protection working
]]>
</system-out>
</testcase>
<testcase name="🚀 AXIS6 MVP - Complete Production Surfing Audit › 📊 FASE 4.1 - Analytics &amp; My Day Surfing" classname="comprehensive-production-surfing.spec.ts" time="15.846">
<system-out>
<![CDATA[🔍 Surfeando Analytics & Advanced Features...
Testing /analytics...
✅ /analytics - Auth protection working
Testing /my-day...
✅ /my-day - Auth protection working
Testing /achievements...
✅ /achievements - Auth protection working
Testing /chat...
✅ /chat - Auth protection working
Testing /profile...
✅ /profile - Auth protection working
]]>
</system-out>
</testcase>
<testcase name="🚀 AXIS6 MVP - Complete Production Surfing Audit › 🔌 FASE 5.1 - API Endpoints Health Check" classname="comprehensive-production-surfing.spec.ts" time="3.897">
<system-out>
<![CDATA[🔍 Testing API Endpoints...
Testing /api/health...
❌ /api/health - Status: 503
Testing /api/categories...
✅ /api/categories - Status: 200
Testing /api/checkins...
✅ /api/checkins - Status: 200
Testing /api/auth/user...
✅ /api/auth/user - Status: 200
Testing /api/analytics...
✅ /api/analytics - Status: 200
Testing /api/settings...
✅ /api/settings - Status: 200

📊 API Summary: 5/6 endpoints responding correctly
]]>
</system-out>
</testcase>
<testcase name="🚀 AXIS6 MVP - Complete Production Surfing Audit › 📱 FASE 6.1 - Mobile Responsive Testing" classname="comprehensive-production-surfing.spec.ts" time="4.606">
<system-out>
<![CDATA[🔍 Testing Mobile Responsiveness...
Testing iPhone SE (375x667)...
✅ iPhone SE - Layout fits viewport
Testing iPhone 12 (390x844)...
✅ iPhone 12 - Layout fits viewport
Testing Android (360x800)...
✅ Android - Layout fits viewport
]]>
</system-out>
</testcase>
<testcase name="🚀 AXIS6 MVP - Complete Production Surfing Audit › ⚡ FASE 6.2 - Performance Metrics" classname="comprehensive-production-surfing.spec.ts" time="5.082">
<failure message="comprehensive-production-surfing.spec.ts:417:3 ⚡ FASE 6.2 - Performance Metrics" type="FAILURE">
<![CDATA[  [chromium] › comprehensive-production-surfing.spec.ts:417:3 › 🚀 AXIS6 MVP - Complete Production Surfing Audit › ⚡ FASE 6.2 - Performance Metrics 

    Error: expect(received).toBeLessThan(expected)

    Expected: < 3000
    Received:   3186

      441 |     
      442 |     // Verificar que los tiempos no sean excesivos
    > 443 |     expect(performanceMetrics.firstContentfulPaint).toBeLessThan(3000);
          |                                                     ^
      444 |     expect(performanceMetrics.domContentLoaded).toBeLessThan(2000);
      445 |   });
      446 |
        at /Users/nadalpiantini/Dev/axis6-mvp/axis6/tests/e2e/comprehensive-production-surfing.spec.ts:443:53

    attachment #1: screenshot (image/png) ──────────────────────────────────────────────────────────
    ../../test-results/comprehensive-production-s-05028-E-6-2---Performance-Metrics-chromium/test-failed-1.png
    ────────────────────────────────────────────────────────────────────────────────────────────────

    Error Context: ../../test-results/comprehensive-production-s-05028-E-6-2---Performance-Metrics-chromium/error-context.md
]]>
</failure>
<system-out>
<![CDATA[🔍 Measuring Performance Metrics...
📊 Performance Metrics:
  DOM Content Loaded: 0ms
  Load Complete: 0ms
  First Paint: 3186ms
  First Contentful Paint: 3186ms

[[ATTACHMENT|test-results/comprehensive-production-s-05028-E-6-2---Performance-Metrics-chromium/test-failed-1.png]]

[[ATTACHMENT|test-results/comprehensive-production-s-05028-E-6-2---Performance-Metrics-chromium/error-context.md]]
]]>
</system-out>
</testcase>
<testcase name="🚀 AXIS6 MVP - Complete Production Surfing Audit › 🎨 FASE 7.1 - Visual Design Consistency" classname="comprehensive-production-surfing.spec.ts" time="5.458">
<system-out>
<![CDATA[🔍 Checking Visual Design Consistency...
✅ landing - Found 10 colors
✅ login - Found 9 colors
✅ register - Found 10 colors
🎨 Total unique colors across pages: 12
]]>
</system-out>
</testcase>
<testcase name="🚀 AXIS6 MVP - Complete Production Surfing Audit › 📋 FASE 8.1 - Production Readiness Summary" classname="comprehensive-production-surfing.spec.ts" time="0.243">
<failure message="comprehensive-production-surfing.spec.ts:499:3 📋 FASE 8.1 - Production Readiness Summary" type="FAILURE">
<![CDATA[  [chromium] › comprehensive-production-surfing.spec.ts:499:3 › 🚀 AXIS6 MVP - Complete Production Surfing Audit › 📋 FASE 8.1 - Production Readiness Summary 

    ReferenceError: require is not defined

      502 |     
      503 |     // Compilar todos los screenshots tomados
    > 504 |     const fs = require('fs');
          |                ^
      505 |     const path = require('path');
      506 |     
      507 |     try {
        at /Users/nadalpiantini/Dev/axis6-mvp/axis6/tests/e2e/comprehensive-production-surfing.spec.ts:504:16

    attachment #1: screenshot (image/png) ──────────────────────────────────────────────────────────
    ../../test-results/comprehensive-production-s-24047-roduction-Readiness-Summary-chromium/test-failed-1.png
    ────────────────────────────────────────────────────────────────────────────────────────────────

    Error Context: ../../test-results/comprehensive-production-s-24047-roduction-Readiness-Summary-chromium/error-context.md
]]>
</failure>
<system-out>
<![CDATA[
🎯 PRODUCTION READINESS SUMMARY
================================

[[ATTACHMENT|test-results/comprehensive-production-s-24047-roduction-Readiness-Summary-chromium/test-failed-1.png]]

[[ATTACHMENT|test-results/comprehensive-production-s-24047-roduction-Readiness-Summary-chromium/error-context.md]]
]]>
</system-out>
</testcase>
</testsuite>
</testsuites>